
00:02:16
UpTimeInstance 174:18:38:12 0
Event APLoadProfileFailed
APMacAddress f4:4e:5:db:f0:40
APIfSlotId 0
APName AP210-R302-2 

00:02:38
UpTimeInstance 174:18:38:35 0
Event RogueDetected
MacAddress b8:27:eb:16:a3:dd
LastDetectingRadioMACAddress f4:4e:5:a2:a1:d0
ApRogueApMacAddress 8:b3:af:fa:b1:af
ApRogueMode alert
RogueTotalDetectingAPs 1
RogueFirstReported Sun Apr 00:02:38 2020 ICT
RogueLastReported Sun Apr 00:02:38 2020 ICT
RogueGatewayMac 8:b3:af:fa:b1:af

00:02:41
UpTimeInstance 174:18:38:37 0
Event RogueAPRemoved
RogueAPMacAddress 0:2:6f:d3:ed:9c
RogueAPMacAddress 68:3b:78:e1:8e:c0
RogueAPSlotId 0
RogueAPRadioType dot11n24
RogueAPName AP218-FL01-E

00:03:16
UpTimeInstance 174:18:39:12 0
Event APLoadProfileUpdatedToPass
APMacAddress f4:4e:5:db:f0:40
APIfSlotId 0
APName AP210-R302-2 

00:03:22
UpTimeInstance 174:18:39:18 0
Event ApRogueDetected
ApSysMacAddress 68:3b:78:e1:8e:c0
ApName AP218-FL01-E
ApRogueApMacAddress 76:83:c2:37:b:77
ApEthernetIfSlotId 0
ApIfType dot11n24
ApRogueDetectedChannel 1
ApRSSI -86
ApSNR -2
ApRogueAPOnWiredNetwork 0
ApAdhocRogue 0
ApRogueApSsid 
ApRogueClassType unclassified
ApRogueMode alert
ApRogueIsClassifiedRule false
ApSeverityScore 0
ApRuleName 
ApRogueClassifiedApMacAddress 0:0:0:0:0:0
ApRogueClassifiedRSSI 0

00:04:41
UpTimeInstance 174:18:40:37 0
Event RogueAPRemoved
RogueAPMacAddress 88:dc:96:2:39:f2
RogueAPMacAddress 68:3b:78:e1:8e:c0
RogueAPSlotId 0
RogueAPRadioType dot11n24
RogueAPName AP218-FL01-E

00:05:41
UpTimeInstance 174:18:41:37 0
Event ApRogueDetected
ApSysMacAddress 68:3b:78:e1:8e:c0
ApName AP218-FL01-E
ApRogueApMacAddress 4a:e8:29:62:1e:d3
ApEthernetIfSlotId 1
ApIfType dot11ac
ApRogueDetectedChannel 149
ApRSSI -89
ApSNR 6
ApRogueAPOnWiredNetwork 0
ApAdhocRogue 0
ApRogueApSsid 
ApRogueClassType unclassified
ApRogueMode alert
ApRogueIsClassifiedRule false
ApSeverityScore 0
ApRuleName 
ApRogueClassifiedApMacAddress 0:0:0:0:0:0
ApRogueClassifiedRSSI 0

00:06:08
UpTimeInstance 174:18:42:04 0
Event RogueAPRemoved
RogueAPMacAddress 3a:e8:29:61:1e:d3
RogueAPMacAddress 68:3b:78:e9:47:40
RogueAPSlotId 0
RogueAPRadioType dot11n24
RogueAPName AP219-R303

00:06:25
UpTimeInstance 174:18:42:21 0
Event APInterferenceProfileFailed
APMacAddress a0:3d:6f:31:b7:f0
APIfSlotId 0
APName AP109-R404 

00:06:27
UpTimeInstance 174:18:42:24 0
Event RogueAPRemoved
RogueAPMacAddress b8:ec:a3:be:bf:38
RogueAPMacAddress a0:3d:6f:31:b7:d0
RogueAPSlotId 0
RogueAPRadioType dot11n24
RogueAPName AP212-IDL

00:06:49
UpTimeInstance 174:18:42:46 0
Event Deauthenticate
APMacAddr f4:4e:5:a8:f3:70
APIfSlotId 1
ReasonCode 23
UserIpAddress 
UserName 
MacAddress 9c:b6:d0:1d:32:f5
APName AP201-R411 

00:07:03
UpTimeInstance 174:18:42:59 0
Event ApRogueDetected
ApSysMacAddress 68:3b:78:e1:8e:c0
ApName AP218-FL01-E
ApRogueApMacAddress 0:2:6f:d3:ed:9c
ApEthernetIfSlotId 0
ApIfType dot11n24
ApRogueDetectedChannel 1
ApRSSI -89
ApSNR 6
ApRogueAPOnWiredNetwork 0
ApAdhocRogue 0
ApRogueApSsid PSU Dorm10
ApRogueClassType unclassified
ApRogueMode alert
ApRogueIsClassifiedRule false
ApSeverityScore 0
ApRuleName 
ApRogueClassifiedApMacAddress 0:0:0:0:0:0
ApRogueClassifiedRSSI 0

00:07:08
UpTimeInstance 174:18:43:04 0
Event RogueAPRemoved
RogueAPMacAddress 4a:e8:29:61:1f:d4
RogueAPMacAddress 68:3b:78:e9:47:40
RogueAPSlotId 0
RogueAPRadioType dot11n24
RogueAPName AP219-R303

00:07:08
UpTimeInstance 174:18:43:04 0
Event RogueAPRemoved
RogueAPMacAddress 3a:e8:29:61:1f:d4
RogueAPMacAddress 68:3b:78:e9:47:40
RogueAPSlotId 0
RogueAPRadioType dot11n24
RogueAPName AP219-R303

00:07:38
UpTimeInstance 174:18:43:35 0
Event ApRogueDetected
ApSysMacAddress a0:3d:6f:31:b7:f0
ApName AP109-R404
ApRogueApMacAddress 0:2:6f:d3:ed:a0
ApEthernetIfSlotId 0
ApIfType dot11n24
ApRogueDetectedChannel 6
ApRSSI -89
ApSNR 8
ApRogueAPOnWiredNetwork 0
ApAdhocRogue 0
ApRogueApSsid PSU Dorm10
ApRogueClassType unclassified
ApRogueMode alert
ApRogueIsClassifiedRule false
ApSeverityScore 0
ApRuleName 
ApRogueClassifiedApMacAddress 0:0:0:0:0:0
ApRogueClassifiedRSSI 0

00:09:24
UpTimeInstance 174:18:45:21 0
Event APInterferenceProfileUpdatedToPass
APMacAddress a0:3d:6f:31:b7:f0
APIfSlotId 0
APName AP109-R404 

00:11:54
UpTimeInstance 174:18:47:51 0
Event ApRogueDetected
ApSysMacAddress 68:3b:78:e1:8e:c0
ApName AP218-FL01-E
ApRogueApMacAddress 88:dc:96:2:39:f2
ApEthernetIfSlotId 0
ApIfType dot11n24
ApRogueDetectedChannel 6
ApRSSI -87
ApSNR 5
ApRogueAPOnWiredNetwork 0
ApAdhocRogue 0
ApRogueApSsid PSU Dorm11
ApRogueClassType unclassified
ApRogueMode alert
ApRogueIsClassifiedRule false
ApSeverityScore 0
ApRuleName 
ApRogueClassifiedApMacAddress 0:0:0:0:0:0
ApRogueClassifiedRSSI 0

00:12:38
UpTimeInstance 174:18:48:35 0
Event ApRogueDetected
ApSysMacAddress dc:8c:37:4c:2e:e0
ApName AP216-R101
ApRogueApMacAddress c:80:63:59:73:46
ApEthernetIfSlotId 1
ApIfType dot11a
ApRogueDetectedChannel 157
ApRSSI -88
ApSNR 4
ApRogueAPOnWiredNetwork 0
ApAdhocRogue 0
ApRogueApSsid 
ApRogueClassType unclassified
ApRogueMode alert
ApRogueIsClassifiedRule false
ApSeverityScore 0
ApRuleName 
ApRogueClassifiedApMacAddress 0:0:0:0:0:0
ApRogueClassifiedRSSI 0

00:13:33
UpTimeInstance 174:18:49:29 0
Event ApRogueDetected
ApSysMacAddress 68:3b:78:e9:47:40
ApName AP219-R303
ApRogueApMacAddress 3a:e8:29:61:1e:d3
ApEthernetIfSlotId 0
ApIfType dot11n24
ApRogueDetectedChannel 6
ApRSSI -77
ApSNR 13
ApRogueAPOnWiredNetwork 0
ApAdhocRogue 0
ApRogueApSsid 
ApRogueClassType unclassified
ApRogueMode alert
ApRogueIsClassifiedRule false
ApSeverityScore 0
ApRuleName 
ApRogueClassifiedApMacAddress 0:0:0:0:0:0
ApRogueClassifiedRSSI 0

00:14:03
UpTimeInstance 174:18:49:59 0
Event ApRogueDetected
ApSysMacAddress 68:3b:78:e9:47:40
ApName AP219-R303
ApRogueApMacAddress 3a:e8:29:61:1f:d4
ApEthernetIfSlotId 0
ApIfType dot11n24
ApRogueDetectedChannel 11
ApRSSI -72
ApSNR 23
ApRogueAPOnWiredNetwork 0
ApAdhocRogue 0
ApRogueApSsid 
ApRogueClassType unclassified
ApRogueMode alert
ApRogueIsClassifiedRule false
ApSeverityScore 0
ApRuleName 
ApRogueClassifiedApMacAddress 0:0:0:0:0:0
ApRogueClassifiedRSSI 0

00:14:24
UpTimeInstance 174:18:50:21 0
Event Disassociate
APMacAddr a0:e0:af:22:6e:70
APIfSlotId 0
ReasonCode unspecified
UserIpAddress 172.30.81.47
UserName 
MacAddress 4:cf:8c:a6:9c:c
APName AP112-R400 

00:14:24
UpTimeInstance 174:18:50:21 0
Event Deauthenticate
APMacAddr a0:e0:af:22:6e:70
APIfSlotId 0
ReasonCode previousAuthNotValid
UserIpAddress 172.30.81.47
UserName 
MacAddress 4:cf:8c:a6:9c:c
APName AP112-R400 

00:14:27
UpTimeInstance 174:18:50:23 0
Event Associate
APMacAddr a0:e0:af:22:6e:70
APIfSlotId 0
UserIpAddress 172.30.81.47
UserName 
MacAddress 4:cf:8c:a6:9c:c
APName AP112-R400 

00:14:27
UpTimeInstance 174:18:50:23 0
Event MovedToRunState
MacAddress 4:cf:8c:a6:9c:c
ApName AP112-R400
ApMacAddress a0:e0:af:22:6e:70
ApIfSlotId 0
IPAddress 172.30.81.47
Username 
SSID CoEIoT

00:14:27
UpTimeInstance 174:18:50:23 0
Event SessionTrap
ApIfSlotId 0
ApName AP112-R400
IpAddressType ipv4
IpAddress AC 1E 51 2F 
Username 
SSID CoEIoT
SessionID 5e88c07204:cf:8c:a6:9c:0c743648
ApMacAddress a0:e0:af:22:6e:70

00:15:27
UpTimeInstance 174:18:51:24 0
Event Associate
APMacAddr f4:4e:5:df:4e:f0
APIfSlotId 1
UserIpAddress 
UserName 5810110224
MacAddress 0:24:36:b3:a9:67
APName AP209-R302-1 

00:15:30
UpTimeInstance 174:18:51:26 0
Event Deauthenticate
APMacAddr f4:4e:5:df:4e:f0
APIfSlotId 0
ReasonCode 23
UserIpAddress 10.67.252.30
UserName 1520002044790813wlan.mnc000.mcc520.3gppnetwork.org
MacAddress 14:9d:9:40:9:c
APName AP209-R302-1 

00:15:31
UpTimeInstance 174:18:51:28 0
Event MovedToRunState
MacAddress 0:24:36:b3:a9:67
ApName AP209-R302-1
ApMacAddress f4:4e:5:df:4e:f0
ApIfSlotId 1
IPAddress 172.30.80.36
Username 5810110224
SSID CoEWiFi

00:15:31
UpTimeInstance 174:18:51:28 0
Event SessionTrap
ApIfSlotId 1
ApName AP209-R302-1
IpAddressType ipv4
IpAddress AC 1E 50 24 
Username 5810110224
SSID CoEWiFi
SessionID 5e88c0af00:24:36:b3:a9:67743649
ApMacAddress f4:4e:5:df:4e:f0

00:15:34
UpTimeInstance 174:18:51:30 0
Event AuthenticationFailure
AuthFailureUserType wlanUser
AuthFailureUserName 0887913628 

00:15:39
UpTimeInstance 174:18:51:35 0
Event MovedToRunState
MacAddress 60:f8:1d:bf:1c:f0
ApName AP219-R303
ApMacAddress 68:3b:78:e9:47:40
ApIfSlotId 1
IPAddress 10.67.248.221
Username 0887913628
SSID TrueMove H

00:15:39
UpTimeInstance 174:18:51:35 0
Event SessionTrap
ApIfSlotId 1
ApName AP219-R303
IpAddressType ipv4
IpAddress 0A 43 F8 DD 
Username 0887913628
SSID TrueMove H
SessionID 5e87d86d60:f8:1d:bf:1c:f0743205
ApMacAddress 68:3b:78:e9:47:40

00:15:50
UpTimeInstance 174:18:51:46 0
Event Disassociate
APMacAddr f4:4e:5:df:4e:f0
APIfSlotId 0
ReasonCode unspecified
UserIpAddress 10.67.252.30
UserName 1520002044790813wlan.mnc000.mcc520.3gppnetwork.org
MacAddress 14:9d:9:40:9:c
APName AP209-R302-1 

00:15:50
UpTimeInstance 174:18:51:46 0
Event Deauthenticate
APMacAddr f4:4e:5:df:4e:f0
APIfSlotId 0
ReasonCode previousAuthNotValid
UserIpAddress 10.67.252.30
UserName 1520002044790813wlan.mnc000.mcc520.3gppnetwork.org
MacAddress 14:9d:9:40:9:c
APName AP209-R302-1 

00:16:19
UpTimeInstance 174:18:52:16 0
Event RogueAPRemoved
RogueAPMacAddress 0:b:e:a0:8e:0
RogueAPMacAddress f4:4e:5:a8:f3:70
RogueAPSlotId 0
RogueAPRadioType dot11b
RogueAPName AP201-R411

00:16:19
UpTimeInstance 174:18:52:16 0
Event RogueAPRemoved
RogueAPMacAddress 0:b:e:a0:8e:0
RogueAPMacAddress f4:4e:5:b5:65:90
RogueAPSlotId 0
RogueAPRadioType dot11b
RogueAPName AP205-R207

00:19:41
UpTimeInstance 174:18:55:37 0
Event Disassociate
APMacAddr 70:10:5c:b1:9e:d0
APIfSlotId 0
ReasonCode unspecified
UserIpAddress 172.30.81.13
UserName 
MacAddress 68:54:fd:f0:df:c6
APName AP110-R311 

00:19:41
UpTimeInstance 174:18:55:37 0
Event Deauthenticate
APMacAddr 70:10:5c:b1:9e:d0
APIfSlotId 0
ReasonCode previousAuthNotValid
UserIpAddress 172.30.81.13
UserName 
MacAddress 68:54:fd:f0:df:c6
APName AP110-R311 

00:19:44
UpTimeInstance 174:18:55:40 0
Event Associate
APMacAddr 70:10:5c:b1:9e:d0
APIfSlotId 0
UserIpAddress 172.30.81.13
UserName 
MacAddress 68:54:fd:f0:df:c6
APName AP110-R311 

00:19:44
UpTimeInstance 174:18:55:40 0
Event MovedToRunState
MacAddress 68:54:fd:f0:df:c6
ApName AP110-R311
ApMacAddress 70:10:5c:b1:9e:d0
ApIfSlotId 0
IPAddress 172.30.81.13
Username 
SSID CoEIoT

00:19:44
UpTimeInstance 174:18:55:40 0
Event SessionTrap
ApIfSlotId 0
ApName AP110-R311
IpAddressType ipv4
IpAddress AC 1E 51 0D 
Username 
SSID CoEIoT
SessionID 5e88c1af68:54:fd:f0:df:c6743650
ApMacAddress 70:10:5c:b1:9e:d0

00:20:45
UpTimeInstance 174:18:56:41 0
Event MovedToRunState
MacAddress a8:86:dd:8e:94:18
ApName AP215-R409
ApMacAddress a0:3d:6f:dd:2d:70
ApIfSlotId 1
IPAddress 172.30.89.93
Username nikom.s
SSID PSU WiFi 802.1x

00:20:45
UpTimeInstance 174:18:56:41 0
Event SessionTrap
ApIfSlotId 1
ApName AP215-R409
IpAddressType ipv4
IpAddress AC 1E 59 5D 
Username nikom.s
SSID PSU WiFi 802.1x
SessionID 5e81c74da8:86:dd:8e:94:18738118
ApMacAddress a0:3d:6f:dd:2d:70

00:21:18
UpTimeInstance 174:18:57:14 0
Event AssociateFail
APMacAddr a0:3d:6f:31:b7:e0
APIfSlotId 1
ReasonCode 34
UserIpAddress 
UserName 
MacAddress 14:9d:9:40:9:c
APName AP108-R300 

00:21:22
UpTimeInstance 174:18:57:18 0
Event Disassociate
APMacAddr f4:4e:5:df:4e:f0
APIfSlotId 1
ReasonCode disassociationDueToInactivity
UserIpAddress 172.30.80.36
UserName 5810110224
MacAddress 0:24:36:b3:a9:67
APName AP209-R302-1 

00:21:22
UpTimeInstance 174:18:57:18 0
Event Deauthenticate
APMacAddr f4:4e:5:df:4e:f0
APIfSlotId 1
ReasonCode disassociationDueToInactivity
UserIpAddress 172.30.80.36
UserName 5810110224
MacAddress 0:24:36:b3:a9:67
APName AP209-R302-1 

00:21:38
UpTimeInstance 174:18:57:34 0
Event Associate
APMacAddr f4:4e:5:df:4e:f0
APIfSlotId 0
UserIpAddress 
UserName 1520002044790813wlan.mnc000.mcc520.3gppnetwork.org
MacAddress 14:9d:9:40:9:c
APName AP209-R302-1 

00:21:43
UpTimeInstance 174:18:57:39 0
Event MovedToRunState
MacAddress 14:9d:9:40:9:c
ApName AP209-R302-1
ApMacAddress f4:4e:5:df:4e:f0
ApIfSlotId 0
IPAddress 10.67.255.161
Username 1520002044790813wlan.mnc000.mcc520.3gppnetwork.org
SSID TrueMove H

00:21:43
UpTimeInstance 174:18:57:39 0
Event SessionTrap
ApIfSlotId 0
ApName AP209-R302-1
IpAddressType ipv4
IpAddress 0A 43 FF A1 
Username 1520002044790813wlan.mnc000.mcc520.3gppnetwork.org
SSID TrueMove H
SessionID 5e88c22114:9d:09:40:09:0c743652
ApMacAddress f4:4e:5:df:4e:f0

00:23:13
UpTimeInstance 174:18:59:09 0
Event Disassociate
APMacAddr a0:3d:6f:31:b7:f0
APIfSlotId 0
ReasonCode unspecified
UserIpAddress 172.30.81.12
UserName 
MacAddress 40:b4:cd:39:fa:4
APName AP109-R404 

00:23:13
UpTimeInstance 174:18:59:09 0
Event Deauthenticate
APMacAddr a0:3d:6f:31:b7:f0
APIfSlotId 0
ReasonCode previousAuthNotValid
UserIpAddress 172.30.81.12
UserName 
MacAddress 40:b4:cd:39:fa:4
APName AP109-R404 

00:23:14
UpTimeInstance 174:18:59:11 0
Event Associate
APMacAddr a0:3d:6f:31:b7:f0
APIfSlotId 0
UserIpAddress 172.30.81.12
UserName 
MacAddress 40:b4:cd:39:fa:4
APName AP109-R404 

00:23:15
UpTimeInstance 174:18:59:11 0
Event MovedToRunState
MacAddress 40:b4:cd:39:fa:4
ApName AP109-R404
ApMacAddress a0:3d:6f:31:b7:f0
ApIfSlotId 0
IPAddress 172.30.81.12
Username 
SSID CoEIoT

00:23:15
UpTimeInstance 174:18:59:11 0
Event SessionTrap
ApIfSlotId 0
ApName AP109-R404
IpAddressType ipv4
IpAddress AC 1E 51 0C 
Username 
SSID CoEIoT
SessionID 5e88c28240:b4:cd:39:fa:04743653
ApMacAddress a0:3d:6f:31:b7:f0

00:26:50
UpTimeInstance 174:19:02:46 0
Event Deauthenticate
APMacAddr f4:4e:5:a8:f3:70
APIfSlotId 1
ReasonCode 23
UserIpAddress 
UserName 
MacAddress 9c:b6:d0:1d:32:f5
APName AP201-R411 

00:27:38
UpTimeInstance 174:19:03:35 0
Event RogueAPRemoved
RogueAPMacAddress 0:2:6f:d3:ed:a0
RogueAPMacAddress a0:3d:6f:31:b7:f0
RogueAPSlotId 0
RogueAPRadioType dot11n24
RogueAPName AP109-R404

00:27:45
UpTimeInstance 174:19:03:42 0
Event ApRogueDetected
ApSysMacAddress 68:3b:78:e1:93:0
ApName AP220-R301B
ApRogueApMacAddress 4a:e8:29:61:1f:d4
ApEthernetIfSlotId 0
ApIfType dot11n24
ApRogueDetectedChannel 11
ApRSSI -89
ApSNR -1
ApRogueAPOnWiredNetwork 0
ApAdhocRogue 0
ApRogueApSsid 
ApRogueClassType unclassified
ApRogueMode alert
ApRogueIsClassifiedRule false
ApSeverityScore 0
ApRuleName 
ApRogueClassifiedApMacAddress 0:0:0:0:0:0
ApRogueClassifiedRSSI 0

00:28:03
UpTimeInstance 174:19:04:00 0
Event ApRogueDetected
ApSysMacAddress a0:3d:6f:31:b7:d0
ApName AP212-IDL
ApRogueApMacAddress 0:2:6f:e3:7a:ec
ApEthernetIfSlotId 0
ApIfType dot11n24
ApRogueDetectedChannel 1
ApRSSI -89
ApSNR 5
ApRogueAPOnWiredNetwork 0
ApAdhocRogue 0
ApRogueApSsid PSU Dorm11
ApRogueClassType unclassified
ApRogueMode alert
ApRogueIsClassifiedRule false
ApSeverityScore 0
ApRuleName 
ApRogueClassifiedApMacAddress 0:0:0:0:0:0
ApRogueClassifiedRSSI 0

00:29:17
UpTimeInstance 174:19:05:14 0
Event Disassociate
APMacAddr a0:e0:af:22:6e:70
APIfSlotId 0
ReasonCode unspecified
UserIpAddress 172.30.81.34
UserName 
MacAddress 4:cf:8c:cd:2d:df
APName AP112-R400 

00:29:17
UpTimeInstance 174:19:05:14 0
Event Deauthenticate
APMacAddr a0:e0:af:22:6e:70
APIfSlotId 0
ReasonCode previousAuthNotValid
UserIpAddress 172.30.81.34
UserName 
MacAddress 4:cf:8c:cd:2d:df
APName AP112-R400 

00:29:19
UpTimeInstance 174:19:05:16 0
Event Associate
APMacAddr a0:3d:6f:31:b7:f0
APIfSlotId 0
UserIpAddress 172.30.81.34
UserName 
MacAddress 4:cf:8c:cd:2d:df
APName AP109-R404 

00:29:19
UpTimeInstance 174:19:05:16 0
Event MovedToRunState
MacAddress 4:cf:8c:cd:2d:df
ApName AP109-R404
ApMacAddress a0:3d:6f:31:b7:f0
ApIfSlotId 0
IPAddress 172.30.81.34
Username 
SSID CoEIoT

00:29:20
UpTimeInstance 174:19:05:16 0
Event SessionTrap
ApIfSlotId 0
ApName AP109-R404
IpAddressType ipv4
IpAddress AC 1E 51 22 
Username 
SSID CoEIoT
SessionID 5e88c3ef04:cf:8c:cd:2d:df743656
ApMacAddress a0:3d:6f:31:b7:f0

00:31:30
UpTimeInstance 174:19:07:26 0
Event MovedToRunState
MacAddress 74:da:38:de:c5:f0
ApName AP201-R411
ApMacAddress f4:4e:5:a8:f3:70
ApIfSlotId 1
IPAddress 172.30.80.136
Username wacharin.k
SSID CoEWiFi

00:31:30
UpTimeInstance 174:19:07:26 0
Event SessionTrap
ApIfSlotId 1
ApName AP201-R411
IpAddressType ipv4
IpAddress AC 1E 50 88 
Username wacharin.k
SSID CoEWiFi
SessionID 5e86befc74:da:38:de:c5:f0742353
ApMacAddress f4:4e:5:a8:f3:70

00:32:38
UpTimeInstance 174:19:08:35 0
Event RogueAPRemoved
RogueAPMacAddress c:80:63:59:73:46
RogueAPMacAddress dc:8c:37:4c:2e:e0
RogueAPSlotId 1
RogueAPRadioType dot11a
RogueAPName AP216-R101

00:33:33
UpTimeInstance 174:19:09:29 0
Event RogueAPRemoved
RogueAPMacAddress 3a:e8:29:61:1e:d3
RogueAPMacAddress 68:3b:78:e9:47:40
RogueAPSlotId 0
RogueAPRadioType dot11n24
RogueAPName AP219-R303

00:36:39
UpTimeInstance 174:19:12:35 0
Event Associate
APMacAddr f4:4e:5:a2:a1:d0
APIfSlotId 1
UserIpAddress 
UserName 5410110237
MacAddress 8:b3:af:fa:b1:af
APName AP204-R100 

00:36:45
UpTimeInstance 174:19:12:42 0
Event APNoiseProfileFailed
APMacAddress f4:4e:5:a2:a1:d0
APIfSlotId 0
APName AP204-R100 

00:36:51
UpTimeInstance 174:19:12:47 0
Event RogueDetected
MacAddress b8:27:eb:16:a3:dd
LastDetectingRadioMACAddress f4:4e:5:a2:a1:d0
ApRogueApMacAddress 8:b3:af:fa:b1:af
ApRogueMode alert
RogueTotalDetectingAPs 1
RogueFirstReported Sun Apr 00:36:51 2020 ICT
RogueLastReported Sun Apr 00:36:51 2020 ICT
RogueGatewayMac 8:b3:af:fa:b1:af

00:37:24
UpTimeInstance 174:19:13:20 0
Event ApRogueDetected
ApSysMacAddress 68:3b:78:e5:46:60
ApName AP222-R201
ApRogueApMacAddress 2:15:99:ab:2f:ae
ApEthernetIfSlotId 0
ApIfType dot11bg
ApRogueDetectedChannel 11
ApRSSI -88
ApSNR 5
ApRogueAPOnWiredNetwork 0
ApAdhocRogue 0
ApRogueApSsid DIRECT-uESCX-3400
ApRogueClassType unclassified
ApRogueMode alert
ApRogueIsClassifiedRule false
ApSeverityScore 0
ApRuleName 
ApRogueClassifiedApMacAddress 0:0:0:0:0:0
ApRogueClassifiedRSSI 0

00:38:59
UpTimeInstance 174:19:14:55 0
Event Disassociate
APMacAddr f4:4e:5:a2:a1:d0
APIfSlotId 1
ReasonCode unspecified
UserIpAddress 
UserName 5410110237
MacAddress 8:b3:af:fa:b1:af
APName AP204-R100 

00:38:59
UpTimeInstance 174:19:14:55 0
Event Deauthenticate
APMacAddr f4:4e:5:a2:a1:d0
APIfSlotId 1
ReasonCode 108
UserIpAddress 
UserName 5410110237
MacAddress 8:b3:af:fa:b1:af
APName AP204-R100 

00:39:45
UpTimeInstance 174:19:15:41 0
Event APNoiseProfileUpdatedToPass
APMacAddress f4:4e:5:a2:a1:d0
APIfSlotId 0
APName AP204-R100 

00:40:31
UpTimeInstance 174:19:16:27 0
Event RogueAPRemoved
RogueAPMacAddress 88:dc:96:2:39:f2
RogueAPMacAddress 68:3b:78:e1:8e:c0
RogueAPSlotId 0
RogueAPRadioType dot11n24
RogueAPName AP218-FL01-E

00:42:58
UpTimeInstance 174:19:18:54 0
Event RogueAPRemoved
RogueAPMacAddress 18:e8:29:61:1f:d4
RogueAPMacAddress 68:3b:78:e9:47:40
RogueAPSlotId 0
RogueAPRadioType dot11n24
RogueAPName AP219-R303

00:42:58
UpTimeInstance 174:19:18:54 0
Event RogueAPRemoved
RogueAPMacAddress 18:e8:29:61:1f:d4
RogueAPMacAddress f4:4e:5:a8:f3:70
RogueAPSlotId 0
RogueAPRadioType dot11n24
RogueAPName AP201-R411

00:44:02
UpTimeInstance 174:19:19:58 0
Event ApRogueDetected
ApSysMacAddress 68:3b:78:e9:47:40
ApName AP219-R303
ApRogueApMacAddress 0:b:e:a0:8e:0
ApEthernetIfSlotId 0
ApIfType dot11bg
ApRogueDetectedChannel 11
ApRSSI -86
ApSNR 6
ApRogueAPOnWiredNetwork 0
ApAdhocRogue 0
ApRogueApSsid PSU WiFi 802.1x
ApRogueClassType unclassified
ApRogueMode alert
ApRogueIsClassifiedRule false
ApSeverityScore 0
ApRuleName 
ApRogueClassifiedApMacAddress 0:0:0:0:0:0
ApRogueClassifiedRSSI 0

00:44:02
UpTimeInstance 174:19:19:58 0
Event ApRogueDetected
ApSysMacAddress f4:4e:5:a8:f3:70
ApName AP201-R411
ApRogueApMacAddress 0:b:e:a0:8e:0
ApEthernetIfSlotId 0
ApIfType dot11bg
ApRogueDetectedChannel 11
ApRSSI -82
ApSNR 16
ApRogueAPOnWiredNetwork 0
ApAdhocRogue 0
ApRogueApSsid PSU WiFi 802.1x
ApRogueClassType unclassified
ApRogueMode alert
ApRogueIsClassifiedRule false
ApSeverityScore 0
ApRuleName 
ApRogueClassifiedApMacAddress 0:0:0:0:0:0
ApRogueClassifiedRSSI 0

00:46:10
UpTimeInstance 174:19:22:06 0
Event AuthenticationFailure
AuthFailureUserType wlanUser
AuthFailureUserName 0887913628 

00:46:15
UpTimeInstance 174:19:22:11 0
Event MovedToRunState
MacAddress 60:f8:1d:bf:1c:f0
ApName AP219-R303
ApMacAddress 68:3b:78:e9:47:40
ApIfSlotId 1
IPAddress 10.67.248.221
Username 0887913628
SSID TrueMove H

00:46:15
UpTimeInstance 174:19:22:11 0
Event SessionTrap
ApIfSlotId 1
ApName AP219-R303
IpAddressType ipv4
IpAddress 0A 43 F8 DD 
Username 0887913628
SSID TrueMove H
SessionID 5e87d86d60:f8:1d:bf:1c:f0743205
ApMacAddress 68:3b:78:e9:47:40

00:46:30
UpTimeInstance 174:19:22:26 0
Event RogueAPRemoved
RogueAPMacAddress 18:e8:29:61:1e:d3
RogueAPMacAddress 68:3b:78:e9:47:40
RogueAPSlotId 0
RogueAPRadioType dot11n24
RogueAPName AP219-R303

00:46:30
UpTimeInstance 174:19:22:26 0
Event RogueAPRemoved
RogueAPMacAddress 18:e8:29:61:1e:d3
RogueAPMacAddress f4:4e:5:db:f0:40
RogueAPSlotId 0
RogueAPRadioType dot11n24
RogueAPName AP210-R302-2

00:46:30
UpTimeInstance 174:19:22:26 0
Event RogueAPRemoved
RogueAPMacAddress 18:e8:29:61:1e:d3
RogueAPMacAddress a0:3d:6f:31:b7:f0
RogueAPSlotId 0
RogueAPRadioType dot11n24
RogueAPName AP109-R404

00:46:50
UpTimeInstance 174:19:22:47 0
Event Deauthenticate
APMacAddr f4:4e:5:a8:f3:70
APIfSlotId 1
ReasonCode 23
UserIpAddress 
UserName 
MacAddress 9c:b6:d0:1d:32:f5
APName AP201-R411 

00:49:31
UpTimeInstance 174:19:25:27 0
Event ApRogueDetected
ApSysMacAddress 68:3b:78:e9:47:40
ApName AP219-R303
ApRogueApMacAddress 3a:e8:29:61:1e:d3
ApEthernetIfSlotId 0
ApIfType dot11n24
ApRogueDetectedChannel 6
ApRSSI -76
ApSNR 19
ApRogueAPOnWiredNetwork 0
ApAdhocRogue 0
ApRogueApSsid 
ApRogueClassType unclassified
ApRogueMode alert
ApRogueIsClassifiedRule false
ApSeverityScore 0
ApRuleName 
ApRogueClassifiedApMacAddress 0:0:0:0:0:0
ApRogueClassifiedRSSI 0

00:50:07
UpTimeInstance 174:19:26:03 0
Event ApRogueDetected
ApSysMacAddress 68:3b:78:e9:47:40
ApName AP219-R303
ApRogueApMacAddress 18:e8:29:61:1f:d4
ApEthernetIfSlotId 0
ApIfType dot11n24
ApRogueDetectedChannel 11
ApRSSI -74
ApSNR 20
ApRogueAPOnWiredNetwork 0
ApAdhocRogue 0
ApRogueApSsid 
ApRogueClassType unclassified
ApRogueMode alert
ApRogueIsClassifiedRule false
ApSeverityScore 0
ApRuleName 
ApRogueClassifiedApMacAddress 0:0:0:0:0:0
ApRogueClassifiedRSSI 0

00:50:56
UpTimeInstance 174:19:26:53 0
Event MovedToRunState
MacAddress a8:86:dd:8e:94:18
ApName AP215-R409
ApMacAddress a0:3d:6f:dd:2d:70
ApIfSlotId 1
IPAddress 172.30.89.93
Username nikom.s
SSID PSU WiFi 802.1x

00:50:56
UpTimeInstance 174:19:26:53 0
Event SessionTrap
ApIfSlotId 1
ApName AP215-R409
IpAddressType ipv4
IpAddress AC 1E 59 5D 
Username nikom.s
SSID PSU WiFi 802.1x
SessionID 5e81c74da8:86:dd:8e:94:18738118
ApMacAddress a0:3d:6f:dd:2d:70

00:50:58
UpTimeInstance 174:19:26:54 0
Event RogueDetected
MacAddress a8:6b:ad:15:37:a1
LastDetectingRadioMACAddress 68:3b:78:e9:47:40
ApRogueApMacAddress 18:e8:29:62:1f:d4
ApRogueMode alert
RogueTotalDetectingAPs 1
RogueFirstReported Sun Apr 00:50:58 2020 ICT
RogueLastReported Sun Apr 00:50:58 2020 ICT
RogueGatewayMac 0:0:0:0:0:0

00:51:50
UpTimeInstance 174:19:27:47 0
Event MovedToRunState
MacAddress 14:9d:9:40:9:c
ApName AP209-R302-1
ApMacAddress f4:4e:5:df:4e:f0
ApIfSlotId 0
IPAddress 10.67.255.161
Username 1520002044790813wlan.mnc000.mcc520.3gppnetwork.org
SSID TrueMove H

00:51:50
UpTimeInstance 174:19:27:47 0
Event SessionTrap
ApIfSlotId 0
ApName AP209-R302-1
IpAddressType ipv4
IpAddress 0A 43 FF A1 
Username 1520002044790813wlan.mnc000.mcc520.3gppnetwork.org
SSID TrueMove H
SessionID 5e88c22114:9d:09:40:09:0c743652
ApMacAddress f4:4e:5:df:4e:f0

00:52:02
UpTimeInstance 174:19:27:58 0
Event APLoadProfileFailed
APMacAddress a0:3d:6f:31:b7:e0
APIfSlotId 0
APName AP108-R300 

00:53:02
UpTimeInstance 174:19:28:58 0
Event APLoadProfileUpdatedToPass
APMacAddress a0:3d:6f:31:b7:e0
APIfSlotId 0
APName AP108-R300 

00:53:57
UpTimeInstance 174:19:29:53 0
Event Associate
APMacAddr f4:4e:5:a2:a1:10
APIfSlotId 0
UserIpAddress 
UserName 5410110237
MacAddress b8:ee:65:ac:99:29
APName AP206-R204 

00:54:00
UpTimeInstance 174:19:29:57 0
Event MovedToRunState
MacAddress b8:ee:65:ac:99:29
ApName AP206-R204
ApMacAddress f4:4e:5:a2:a1:10
ApIfSlotId 0
IPAddress 172.30.80.160
Username 5410110237
SSID CoEWiFi

00:54:01
UpTimeInstance 174:19:29:57 0
Event SessionTrap
ApIfSlotId 0
ApName AP206-R204
IpAddressType ipv4
IpAddress AC 1E 50 A0 
Username 5410110237
SSID CoEWiFi
SessionID 5e88c9b3b8:ee:65:ac:99:29743660
ApMacAddress f4:4e:5:a2:a1:10

00:58:20
UpTimeInstance 174:19:34:16 0
Event ApRogueDetected
ApSysMacAddress f4:4e:5:db:f0:40
ApName AP210-R302-2
ApRogueApMacAddress 18:e8:29:61:1e:d3
ApEthernetIfSlotId 0
ApIfType dot11n24
ApRogueDetectedChannel 6
ApRSSI -76
ApSNR 23
ApRogueAPOnWiredNetwork 0
ApAdhocRogue 0
ApRogueApSsid WSNWiFi
ApRogueClassType unclassified
ApRogueMode alert
ApRogueIsClassifiedRule false
ApSeverityScore 0
ApRuleName 
ApRogueClassifiedApMacAddress 0:0:0:0:0:0
ApRogueClassifiedRSSI 0

00:58:20
UpTimeInstance 174:19:34:16 0
Event ApRogueDetected
ApSysMacAddress a0:3d:6f:31:b7:f0
ApName AP109-R404
ApRogueApMacAddress 18:e8:29:61:1e:d3
ApEthernetIfSlotId 0
ApIfType dot11n24
ApRogueDetectedChannel 6
ApRSSI -88
ApSNR 11
ApRogueAPOnWiredNetwork 0
ApAdhocRogue 0
ApRogueApSsid WSNWiFi
ApRogueClassType unclassified
ApRogueMode alert
ApRogueIsClassifiedRule false
ApSeverityScore 0
ApRuleName 
ApRogueClassifiedApMacAddress 0:0:0:0:0:0
ApRogueClassifiedRSSI 0

01:00:06
UpTimeInstance 174:19:36:02 0
Event APLoadProfileFailed
APMacAddress f4:4e:5:a2:a1:10
APIfSlotId 0
APName AP206-R204 

01:00:20
UpTimeInstance 174:19:36:16 0
Event RogueAPRemoved
RogueAPMacAddress 2:15:99:ab:2f:ae
RogueAPMacAddress 68:3b:78:e5:46:60
RogueAPSlotId 0
RogueAPRadioType dot11b
RogueAPName AP222-R201

01:01:06
UpTimeInstance 174:19:37:02 0
Event APLoadProfileUpdatedToPass
APMacAddress f4:4e:5:a2:a1:10
APIfSlotId 0
APName AP206-R204 

01:02:12
UpTimeInstance 174:19:38:09 0
Event Associate
APMacAddr f4:4e:5:a2:a1:d0
APIfSlotId 1
UserIpAddress 
UserName 5410110237
MacAddress 8:b3:af:fa:b1:af
APName AP204-R100 

01:02:18
UpTimeInstance 174:19:38:14 0
Event MovedToRunState
MacAddress 8:b3:af:fa:b1:af
ApName AP204-R100
ApMacAddress f4:4e:5:a2:a1:d0
ApIfSlotId 1
IPAddress 172.30.88.187
Username 5410110237
SSID PSU WiFi 5GHz

01:02:18
UpTimeInstance 174:19:38:14 0
Event SessionTrap
ApIfSlotId 1
ApName AP204-R100
IpAddressType ipv4
IpAddress AC 1E 58 BB 
Username 5410110237
SSID PSU WiFi 5GHz
SessionID 5e88cba408:b3:af:fa:b1:af743662
ApMacAddress f4:4e:5:a2:a1:d0

01:02:49
UpTimeInstance 174:19:38:46 0
Event ApRogueDetected
ApSysMacAddress a0:3d:6f:31:b7:d0
ApName AP212-IDL
ApRogueApMacAddress b8:ec:a3:be:bf:38
ApEthernetIfSlotId 0
ApIfType dot11n24
ApRogueDetectedChannel 1
ApRSSI -89
ApSNR 2
ApRogueAPOnWiredNetwork 0
ApAdhocRogue 0
ApRogueApSsid ZyXEL
ApRogueClassType unclassified
ApRogueMode alert
ApRogueIsClassifiedRule false
ApSeverityScore 0
ApRuleName 
ApRogueClassifiedApMacAddress 0:0:0:0:0:0
ApRogueClassifiedRSSI 0

01:04:51
UpTimeInstance 174:19:40:47 0
Event ApRogueDetected
ApSysMacAddress a0:3d:6f:31:b7:f0
ApName AP109-R404
ApRogueApMacAddress 0:2:6f:d3:ed:a0
ApEthernetIfSlotId 0
ApIfType dot11n24
ApRogueDetectedChannel 6
ApRSSI -89
ApSNR 1
ApRogueAPOnWiredNetwork 0
ApAdhocRogue 0
ApRogueApSsid PSU Dorm10
ApRogueClassType unclassified
ApRogueMode alert
ApRogueIsClassifiedRule false
ApSeverityScore 0
ApRuleName 
ApRogueClassifiedApMacAddress 0:0:0:0:0:0
ApRogueClassifiedRSSI 0

01:06:51
UpTimeInstance 174:19:42:47 0
Event Deauthenticate
APMacAddr f4:4e:5:a8:f3:70
APIfSlotId 1
ReasonCode 23
UserIpAddress 
UserName 
MacAddress 9c:b6:d0:1d:32:f5
APName AP201-R411 

01:10:11
UpTimeInstance 174:19:46:07 0
Event RogueAPRemoved
RogueAPMacAddress 4a:e8:29:62:1e:d3
RogueAPMacAddress 68:3b:78:e1:8e:c0
RogueAPSlotId 1
RogueAPRadioType dot11ac
RogueAPName AP218-FL01-E

01:11:04
UpTimeInstance 174:19:47:00 0
Event RogueDetected
MacAddress b8:27:eb:16:a3:dd
LastDetectingRadioMACAddress f4:4e:5:a2:a1:d0
ApRogueApMacAddress 8:b3:af:fa:b1:af
ApRogueMode alert
RogueTotalDetectingAPs 1
RogueFirstReported Sun Apr 01:11:04 2020 ICT
RogueLastReported Sun Apr 01:11:04 2020 ICT
RogueGatewayMac 8:b3:af:fa:b1:af

01:13:17
UpTimeInstance 174:19:49:13 0
Event ApRogueDetected
ApSysMacAddress a0:e0:af:95:9c:40
ApName AP111-R405
ApRogueApMacAddress 2:15:99:ab:2f:ae
ApEthernetIfSlotId 0
ApIfType dot11bg
ApRogueDetectedChannel 11
ApRSSI -85
ApSNR 4
ApRogueAPOnWiredNetwork 0
ApAdhocRogue 0
ApRogueApSsid DIRECT-uESCX-3400
ApRogueClassType unclassified
ApRogueMode alert
ApRogueIsClassifiedRule false
ApSeverityScore 0
ApRuleName 
ApRogueClassifiedApMacAddress 0:0:0:0:0:0
ApRogueClassifiedRSSI 0

01:14:04
UpTimeInstance 174:19:50:00 0
Event ApRogueDetected
ApSysMacAddress 68:3b:78:e1:8e:c0
ApName AP218-FL01-E
ApRogueApMacAddress 4a:e8:29:62:1e:d3
ApEthernetIfSlotId 1
ApIfType dot11ac
ApRogueDetectedChannel 149
ApRSSI -87
ApSNR 4
ApRogueAPOnWiredNetwork 0
ApAdhocRogue 0
ApRogueApSsid 
ApRogueClassType unclassified
ApRogueMode alert
ApRogueIsClassifiedRule false
ApSeverityScore 0
ApRuleName 
ApRogueClassifiedApMacAddress 0:0:0:0:0:0
ApRogueClassifiedRSSI 0

01:14:37
UpTimeInstance 174:19:50:33 0
Event Disassociate
APMacAddr a0:e0:af:22:6e:70
APIfSlotId 0
ReasonCode unspecified
UserIpAddress 172.30.81.47
UserName 
MacAddress 4:cf:8c:a6:9c:c
APName AP112-R400 

01:14:37
UpTimeInstance 174:19:50:33 0
Event Deauthenticate
APMacAddr a0:e0:af:22:6e:70
APIfSlotId 0
ReasonCode previousAuthNotValid
UserIpAddress 172.30.81.47
UserName 
MacAddress 4:cf:8c:a6:9c:c
APName AP112-R400 

01:14:39
UpTimeInstance 174:19:50:35 0
Event Associate
APMacAddr a0:e0:af:22:6e:70
APIfSlotId 0
UserIpAddress 172.30.81.47
UserName 
MacAddress 4:cf:8c:a6:9c:c
APName AP112-R400 

01:14:39
UpTimeInstance 174:19:50:35 0
Event MovedToRunState
MacAddress 4:cf:8c:a6:9c:c
ApName AP112-R400
ApMacAddress a0:e0:af:22:6e:70
ApIfSlotId 0
IPAddress 172.30.81.47
Username 
SSID CoEIoT

01:14:39
UpTimeInstance 174:19:50:35 0
Event SessionTrap
ApIfSlotId 0
ApName AP112-R400
IpAddressType ipv4
IpAddress AC 1E 51 2F 
Username 
SSID CoEIoT
SessionID 5e88ce8f04:cf:8c:a6:9c:0c743665
ApMacAddress a0:e0:af:22:6e:70

01:15:00
UpTimeInstance 174:19:50:56 0
Event Disassociate
APMacAddr f4:4e:5:a2:a1:d0
APIfSlotId 1
ReasonCode disassociationDueToInactivity
UserIpAddress 172.30.88.187
UserName 5410110237
MacAddress 8:b3:af:fa:b1:af
APName AP204-R100 

01:15:00
UpTimeInstance 174:19:50:56 0
Event Deauthenticate
APMacAddr f4:4e:5:a2:a1:d0
APIfSlotId 1
ReasonCode disassociationDueToInactivity
UserIpAddress 172.30.88.187
UserName 5410110237
MacAddress 8:b3:af:fa:b1:af
APName AP204-R100 

01:15:51
UpTimeInstance 174:19:51:47 0
Event AuthenticationFailure
AuthFailureUserType wlanUser
AuthFailureUserName 0887913628 

01:15:56
UpTimeInstance 174:19:51:52 0
Event MovedToRunState
MacAddress 60:f8:1d:bf:1c:f0
ApName AP219-R303
ApMacAddress 68:3b:78:e9:47:40
ApIfSlotId 1
IPAddress 10.67.248.221
Username 0887913628
SSID TrueMove H

01:15:56
UpTimeInstance 174:19:51:52 0
Event SessionTrap
ApIfSlotId 1
ApName AP219-R303
IpAddressType ipv4
IpAddress 0A 43 F8 DD 
Username 0887913628
SSID TrueMove H
SessionID 5e87d86d60:f8:1d:bf:1c:f0743205
ApMacAddress 68:3b:78:e9:47:40

01:19:54
UpTimeInstance 174:19:55:50 0
Event Disassociate
APMacAddr 70:10:5c:b1:9e:d0
APIfSlotId 0
ReasonCode unspecified
UserIpAddress 172.30.81.13
UserName 
MacAddress 68:54:fd:f0:df:c6
APName AP110-R311 

01:19:54
UpTimeInstance 174:19:55:50 0
Event Deauthenticate
APMacAddr 70:10:5c:b1:9e:d0
APIfSlotId 0
ReasonCode previousAuthNotValid
UserIpAddress 172.30.81.13
UserName 
MacAddress 68:54:fd:f0:df:c6
APName AP110-R311 

01:19:55
UpTimeInstance 174:19:55:51 0
Event Associate
APMacAddr 70:10:5c:b1:9e:d0
APIfSlotId 0
UserIpAddress 172.30.81.13
UserName 
MacAddress 68:54:fd:f0:df:c6
APName AP110-R311 

01:19:55
UpTimeInstance 174:19:55:51 0
Event MovedToRunState
MacAddress 68:54:fd:f0:df:c6
ApName AP110-R311
ApMacAddress 70:10:5c:b1:9e:d0
ApIfSlotId 0
IPAddress 172.30.81.13
Username 
SSID CoEIoT

01:19:55
UpTimeInstance 174:19:55:51 0
Event SessionTrap
ApIfSlotId 0
ApName AP110-R311
IpAddressType ipv4
IpAddress AC 1E 51 0D 
Username 
SSID CoEIoT
SessionID 5e88cfcb68:54:fd:f0:df:c6743666
ApMacAddress 70:10:5c:b1:9e:d0

01:20:45
UpTimeInstance 174:19:56:41 0
Event MovedToRunState
MacAddress a8:86:dd:8e:94:18
ApName AP215-R409
ApMacAddress a0:3d:6f:dd:2d:70
ApIfSlotId 1
IPAddress 172.30.89.93
Username nikom.s
SSID PSU WiFi 802.1x

01:20:45
UpTimeInstance 174:19:56:41 0
Event SessionTrap
ApIfSlotId 1
ApName AP215-R409
IpAddressType ipv4
IpAddress AC 1E 59 5D 
Username nikom.s
SSID PSU WiFi 802.1x
SessionID 5e81c74da8:86:dd:8e:94:18738118
ApMacAddress a0:3d:6f:dd:2d:70

01:22:16
UpTimeInstance 174:19:58:12 0
Event MovedToRunState
MacAddress 14:9d:9:40:9:c
ApName AP209-R302-1
ApMacAddress f4:4e:5:df:4e:f0
ApIfSlotId 0
IPAddress 10.67.255.161
Username 1520002044790813wlan.mnc000.mcc520.3gppnetwork.org
SSID TrueMove H

01:22:16
UpTimeInstance 174:19:58:12 0
Event SessionTrap
ApIfSlotId 0
ApName AP209-R302-1
IpAddressType ipv4
IpAddress 0A 43 FF A1 
Username 1520002044790813wlan.mnc000.mcc520.3gppnetwork.org
SSID TrueMove H
SessionID 5e88c22114:9d:09:40:09:0c743652
ApMacAddress f4:4e:5:df:4e:f0

01:22:50
UpTimeInstance 174:19:58:46 0
Event RogueAPRemoved
RogueAPMacAddress b8:ec:a3:be:bf:38
RogueAPMacAddress a0:3d:6f:31:b7:d0
RogueAPSlotId 0
RogueAPRadioType dot11n24
RogueAPName AP212-IDL

01:23:25
UpTimeInstance 174:19:59:21 0
Event Disassociate
APMacAddr a0:3d:6f:31:b7:f0
APIfSlotId 0
ReasonCode unspecified
UserIpAddress 172.30.81.12
UserName 
MacAddress 40:b4:cd:39:fa:4
APName AP109-R404 

01:23:25
UpTimeInstance 174:19:59:21 0
Event Deauthenticate
APMacAddr a0:3d:6f:31:b7:f0
APIfSlotId 0
ReasonCode previousAuthNotValid
UserIpAddress 172.30.81.12
UserName 
MacAddress 40:b4:cd:39:fa:4
APName AP109-R404 

01:23:26
UpTimeInstance 174:19:59:22 0
Event Associate
APMacAddr a0:e0:af:22:6e:70
APIfSlotId 0
UserIpAddress 172.30.81.12
UserName 
MacAddress 40:b4:cd:39:fa:4
APName AP112-R400 

01:23:26
UpTimeInstance 174:19:59:22 0
Event MovedToRunState
MacAddress 40:b4:cd:39:fa:4
ApName AP112-R400
ApMacAddress a0:e0:af:22:6e:70
ApIfSlotId 0
IPAddress 172.30.81.12
Username 
SSID CoEIoT

01:23:26
UpTimeInstance 174:19:59:22 0
Event SessionTrap
ApIfSlotId 0
ApName AP112-R400
IpAddressType ipv4
IpAddress AC 1E 51 0C 
Username 
SSID CoEIoT
SessionID 5e88d09e40:b4:cd:39:fa:04743667
ApMacAddress a0:e0:af:22:6e:70

01:24:01
UpTimeInstance 174:19:59:57 0
Event RogueAPRemoved
RogueAPMacAddress c8:3a:35:47:a0:98
RogueAPMacAddress 68:3b:78:e1:8e:c0
RogueAPSlotId 0
RogueAPRadioType dot11n24
RogueAPName AP218-FL01-E

01:24:51
UpTimeInstance 174:20:00:47 0
Event RogueAPRemoved
RogueAPMacAddress 0:2:6f:d3:ed:a0
RogueAPMacAddress a0:3d:6f:31:b7:f0
RogueAPSlotId 0
RogueAPRadioType dot11n24
RogueAPName AP109-R404

01:26:52
UpTimeInstance 174:20:02:48 0
Event Deauthenticate
APMacAddr f4:4e:5:a8:f3:70
APIfSlotId 1
ReasonCode 23
UserIpAddress 
UserName 
MacAddress 9c:b6:d0:1d:32:f5
APName AP201-R411 

01:28:35
UpTimeInstance 174:20:04:31 0
Event RogueDetected
MacAddress b8:ee:65:ac:99:29
LastDetectingRadioMACAddress f4:4e:5:a2:a1:d0
ApRogueApMacAddress 8:b3:af:fa:b1:af
ApRogueMode alert
RogueTotalDetectingAPs 1
RogueFirstReported Sun Apr 01:28:35 2020 ICT
RogueLastReported Sun Apr 01:28:35 2020 ICT
RogueGatewayMac 8:b3:af:fa:b1:af

01:29:00
UpTimeInstance 174:20:04:56 0
Event ApRogueDetected
ApSysMacAddress a0:3d:6f:31:b7:f0
ApName AP109-R404
ApRogueApMacAddress 88:dc:96:2:39:f2
ApEthernetIfSlotId 0
ApIfType dot11n24
ApRogueDetectedChannel 6
ApRSSI -88
ApSNR 2
ApRogueAPOnWiredNetwork 0
ApAdhocRogue 0
ApRogueApSsid PSU Dorm11
ApRogueClassType unclassified
ApRogueMode alert
ApRogueIsClassifiedRule false
ApSeverityScore 0
ApRuleName 
ApRogueClassifiedApMacAddress 0:0:0:0:0:0
ApRogueClassifiedRSSI 0

01:29:30
UpTimeInstance 174:20:05:26 0
Event Disassociate
APMacAddr a0:3d:6f:31:b7:f0
APIfSlotId 0
ReasonCode unspecified
UserIpAddress 172.30.81.34
UserName 
MacAddress 4:cf:8c:cd:2d:df
APName AP109-R404 

01:29:30
UpTimeInstance 174:20:05:26 0
Event Deauthenticate
APMacAddr a0:3d:6f:31:b7:f0
APIfSlotId 0
ReasonCode previousAuthNotValid
UserIpAddress 172.30.81.34
UserName 
MacAddress 4:cf:8c:cd:2d:df
APName AP109-R404 

01:29:32
UpTimeInstance 174:20:05:28 0
Event Associate
APMacAddr a0:e0:af:22:6e:70
APIfSlotId 0
UserIpAddress 172.30.81.34
UserName 
MacAddress 4:cf:8c:cd:2d:df
APName AP112-R400 

01:29:32
UpTimeInstance 174:20:05:28 0
Event MovedToRunState
MacAddress 4:cf:8c:cd:2d:df
ApName AP112-R400
ApMacAddress a0:e0:af:22:6e:70
ApIfSlotId 0
IPAddress 172.30.81.34
Username 
SSID CoEIoT

01:29:32
UpTimeInstance 174:20:05:28 0
Event SessionTrap
ApIfSlotId 0
ApName AP112-R400
IpAddressType ipv4
IpAddress AC 1E 51 22 
Username 
SSID CoEIoT
SessionID 5e88d20b04:cf:8c:cd:2d:df743670
ApMacAddress a0:e0:af:22:6e:70

01:30:48
UpTimeInstance 174:20:06:44 0
Event RogueAPRemoved
RogueAPMacAddress 4a:e8:29:61:1f:d4
RogueAPMacAddress 68:3b:78:e9:47:40
RogueAPSlotId 0
RogueAPRadioType dot11n24
RogueAPName AP219-R303

01:30:48
UpTimeInstance 174:20:06:44 0
Event RogueAPRemoved
RogueAPMacAddress 3a:e8:29:61:1f:d4
RogueAPMacAddress 68:3b:78:e9:47:40
RogueAPSlotId 0
RogueAPRadioType dot11n24
RogueAPName AP219-R303

01:31:22
UpTimeInstance 174:20:07:18 0
Event MovedToRunState
MacAddress 74:da:38:de:c5:f0
ApName AP201-R411
ApMacAddress f4:4e:5:a8:f3:70
ApIfSlotId 1
IPAddress 172.30.80.136
Username wacharin.k
SSID CoEWiFi

01:31:22
UpTimeInstance 174:20:07:18 0
Event SessionTrap
ApIfSlotId 1
ApName AP201-R411
IpAddressType ipv4
IpAddress AC 1E 50 88 
Username wacharin.k
SSID CoEWiFi
SessionID 5e86befc74:da:38:de:c5:f0742353
ApMacAddress f4:4e:5:a8:f3:70

01:33:11
UpTimeInstance 174:20:09:07 0
Event Disassociate
APMacAddr f4:4e:5:a2:a1:10
APIfSlotId 0
ReasonCode disassociationDueToInactivity
UserIpAddress 172.30.80.160
UserName 5410110237
MacAddress b8:ee:65:ac:99:29
APName AP206-R204 

01:33:11
UpTimeInstance 174:20:09:07 0
Event Deauthenticate
APMacAddr f4:4e:5:a2:a1:10
APIfSlotId 0
ReasonCode disassociationDueToInactivity
UserIpAddress 172.30.80.160
UserName 5410110237
MacAddress b8:ee:65:ac:99:29
APName AP206-R204 

01:33:17
UpTimeInstance 174:20:09:13 0
Event RogueAPRemoved
RogueAPMacAddress 2:15:99:ab:2f:ae
RogueAPMacAddress a0:e0:af:95:9c:40
RogueAPSlotId 0
RogueAPRadioType dot11b
RogueAPName AP111-R405

01:34:17
UpTimeInstance 174:20:10:13 0
Event RogueDetected
MacAddress b8:27:eb:16:a3:dd
LastDetectingRadioMACAddress f4:4e:5:a2:a1:d0
ApRogueApMacAddress 8:b3:af:fa:b1:af
ApRogueMode alert
RogueTotalDetectingAPs 1
RogueFirstReported Sun Apr 01:34:16 2020 ICT
RogueLastReported Sun Apr 01:34:16 2020 ICT
RogueGatewayMac 8:b3:af:fa:b1:af

01:34:42
UpTimeInstance 174:20:10:38 0
Event RogueAPRemoved
RogueAPMacAddress 0:2:6f:e3:7a:ec
RogueAPMacAddress a0:3d:6f:31:b7:d0
RogueAPSlotId 0
RogueAPRadioType dot11n24
RogueAPName AP212-IDL

01:34:42
UpTimeInstance 174:20:10:38 0
Event RogueAPRemoved
RogueAPMacAddress 0:2:6f:e3:7a:ec
RogueAPMacAddress a0:e0:af:22:6e:70
RogueAPSlotId 0
RogueAPRadioType dot11n24
RogueAPName AP112-R400

01:36:48
UpTimeInstance 174:20:12:44 0
Event RogueAPRemoved
RogueAPMacAddress 0:b:e:a0:8e:0
RogueAPMacAddress f4:4e:5:df:6c:f0
RogueAPSlotId 0
RogueAPRadioType dot11b
RogueAPName AP208-R211

01:36:48
UpTimeInstance 174:20:12:44 0
Event RogueAPRemoved
RogueAPMacAddress 0:b:e:a0:8e:0
RogueAPMacAddress f4:4e:5:b5:65:90
RogueAPSlotId 0
RogueAPRadioType dot11b
RogueAPName AP205-R207

01:36:48
UpTimeInstance 174:20:12:44 0
Event RogueAPRemoved
RogueAPMacAddress 0:b:e:a0:8e:0
RogueAPMacAddress 70:10:5c:b1:9e:d0
RogueAPSlotId 0
RogueAPRadioType dot11b
RogueAPName AP110-R311

01:37:01
UpTimeInstance 174:20:12:57 0
Event RogueAPRemoved
RogueAPMacAddress 18:e8:29:62:1e:d3
RogueAPMacAddress 68:3b:78:e1:8e:c0
RogueAPSlotId 1
RogueAPRadioType dot11ac
RogueAPName AP218-FL01-E

01:37:45
UpTimeInstance 174:20:13:41 0
Event ApRogueDetected
ApSysMacAddress 68:3b:78:e9:47:40
ApName AP219-R303
ApRogueApMacAddress 4a:e8:29:61:1f:d4
ApEthernetIfSlotId 0
ApIfType dot11n24
ApRogueDetectedChannel 11
ApRSSI -73
ApSNR 22
ApRogueAPOnWiredNetwork 0
ApAdhocRogue 0
ApRogueApSsid 
ApRogueClassType unclassified
ApRogueMode alert
ApRogueIsClassifiedRule false
ApSeverityScore 0
ApRuleName 
ApRogueClassifiedApMacAddress 0:0:0:0:0:0
ApRogueClassifiedRSSI 0

01:37:48
UpTimeInstance 174:20:13:44 0
Event ApRogueDetected
ApSysMacAddress 68:3b:78:e9:47:40
ApName AP219-R303
ApRogueApMacAddress 3a:e8:29:61:1f:d4
ApEthernetIfSlotId 0
ApIfType dot11n24
ApRogueDetectedChannel 11
ApRSSI -74
ApSNR 21
ApRogueAPOnWiredNetwork 0
ApAdhocRogue 0
ApRogueApSsid 
ApRogueClassType unclassified
ApRogueMode alert
ApRogueIsClassifiedRule false
ApSeverityScore 0
ApRuleName 
ApRogueClassifiedApMacAddress 0:0:0:0:0:0
ApRogueClassifiedRSSI 0

01:38:28
UpTimeInstance 174:20:14:24 0
Event ApRogueDetected
ApSysMacAddress 68:3b:78:e1:8e:c0
ApName AP218-FL01-E
ApRogueApMacAddress c8:3a:35:47:a0:98
ApEthernetIfSlotId 0
ApIfType dot11n24
ApRogueDetectedChannel 1
ApRSSI -86
ApSNR -4
ApRogueAPOnWiredNetwork 0
ApAdhocRogue 0
ApRogueApSsid Tenda47A098
ApRogueClassType unclassified
ApRogueMode alert
ApRogueIsClassifiedRule false
ApSeverityScore 0
ApRuleName 
ApRogueClassifiedApMacAddress 0:0:0:0:0:0
ApRogueClassifiedRSSI 0

01:39:36
UpTimeInstance 174:20:15:32 0
Event ApRogueDetected
ApSysMacAddress a0:e0:af:3d:c7:80
ApName AP214-R205
ApRogueApMacAddress 2:15:99:ab:2f:ae
ApEthernetIfSlotId 0
ApIfType dot11bg
ApRogueDetectedChannel 11
ApRSSI -87
ApSNR 7
ApRogueAPOnWiredNetwork 0
ApAdhocRogue 0
ApRogueApSsid DIRECT-uESCX-3400
ApRogueClassType unclassified
ApRogueMode alert
ApRogueIsClassifiedRule false
ApSeverityScore 0
ApRuleName 
ApRogueClassifiedApMacAddress 0:0:0:0:0:0
ApRogueClassifiedRSSI 0

01:39:51
UpTimeInstance 174:20:15:47 0
Event RogueAPRemoved
RogueAPMacAddress 3a:e8:29:62:1e:d3
RogueAPMacAddress 68:3b:78:e1:8e:c0
RogueAPSlotId 1
RogueAPRadioType dot11ac
RogueAPName AP218-FL01-E

01:41:20
UpTimeInstance 174:20:17:16 0
Event ApRogueDetected
ApSysMacAddress a0:3d:6f:31:b7:d0
ApName AP212-IDL
ApRogueApMacAddress b8:ec:a3:be:bf:38
ApEthernetIfSlotId 0
ApIfType dot11n24
ApRogueDetectedChannel 1
ApRSSI -87
ApSNR 8
ApRogueAPOnWiredNetwork 0
ApAdhocRogue 0
ApRogueApSsid ZyXEL
ApRogueClassType unclassified
ApRogueMode alert
ApRogueIsClassifiedRule false
ApSeverityScore 0
ApRuleName 
ApRogueClassifiedApMacAddress 0:0:0:0:0:0
ApRogueClassifiedRSSI 0

01:41:36
UpTimeInstance 174:20:17:32 0
Event ApRogueDetected
ApSysMacAddress 68:3b:78:e1:8e:c0
ApName AP218-FL01-E
ApRogueApMacAddress 0:2:6f:d3:ed:a0
ApEthernetIfSlotId 0
ApIfType dot11n24
ApRogueDetectedChannel 6
ApRSSI -86
ApSNR 3
ApRogueAPOnWiredNetwork 0
ApAdhocRogue 0
ApRogueApSsid PSU Dorm10
ApRogueClassType unclassified
ApRogueMode alert
ApRogueIsClassifiedRule false
ApSeverityScore 0
ApRuleName 
ApRogueClassifiedApMacAddress 0:0:0:0:0:0
ApRogueClassifiedRSSI 0

01:42:37
UpTimeInstance 174:20:18:33 0
Event ApRogueDetected
ApSysMacAddress a0:3d:6f:31:b7:d0
ApName AP212-IDL
ApRogueApMacAddress 0:2:6f:e3:7a:ec
ApEthernetIfSlotId 0
ApIfType dot11n24
ApRogueDetectedChannel 1
ApRSSI -88
ApSNR 6
ApRogueAPOnWiredNetwork 0
ApAdhocRogue 0
ApRogueApSsid PSU Dorm11
ApRogueClassType unclassified
ApRogueMode alert
ApRogueIsClassifiedRule false
ApSeverityScore 0
ApRuleName 
ApRogueClassifiedApMacAddress 0:0:0:0:0:0
ApRogueClassifiedRSSI 0

01:46:10
UpTimeInstance 174:20:22:06 0
Event MovedToRunState
MacAddress 60:f8:1d:bf:1c:f0
ApName AP219-R303
ApMacAddress 68:3b:78:e9:47:40
ApIfSlotId 1
IPAddress 10.67.248.221
Username 0887913628
SSID TrueMove H

01:46:10
UpTimeInstance 174:20:22:06 0
Event SessionTrap
ApIfSlotId 1
ApName AP219-R303
IpAddressType ipv4
IpAddress 0A 43 F8 DD 
Username 0887913628
SSID TrueMove H
SessionID 5e87d86d60:f8:1d:bf:1c:f0743205
ApMacAddress 68:3b:78:e9:47:40

01:46:52
UpTimeInstance 174:20:22:48 0
Event Deauthenticate
APMacAddr f4:4e:5:a8:f3:70
APIfSlotId 1
ReasonCode 23
UserIpAddress 
UserName 
MacAddress 9c:b6:d0:1d:32:f5
APName AP201-R411 

01:49:00
UpTimeInstance 174:20:24:56 0
Event RogueAPRemoved
RogueAPMacAddress 88:dc:96:2:39:f2
RogueAPMacAddress a0:3d:6f:31:b7:f0
RogueAPSlotId 0
RogueAPRadioType dot11n24
RogueAPName AP109-R404

01:49:59
UpTimeInstance 174:20:25:55 0
Event ApRogueDetected
ApSysMacAddress 68:3b:78:e1:8e:c0
ApName AP218-FL01-E
ApRogueApMacAddress 18:e8:29:62:1e:d3
ApEthernetIfSlotId 1
ApIfType dot11ac
ApRogueDetectedChannel 149
ApRSSI -87
ApSNR 3
ApRogueAPOnWiredNetwork 0
ApAdhocRogue 0
ApRogueApSsid 
ApRogueClassType unclassified
ApRogueMode alert
ApRogueIsClassifiedRule false
ApSeverityScore 0
ApRuleName 
ApRogueClassifiedApMacAddress 0:0:0:0:0:0
ApRogueClassifiedRSSI 0

01:50:45
UpTimeInstance 174:20:26:41 0
Event MovedToRunState
MacAddress a8:86:dd:8e:94:18
ApName AP215-R409
ApMacAddress a0:3d:6f:dd:2d:70
ApIfSlotId 1
IPAddress 172.30.89.93
Username nikom.s
SSID PSU WiFi 802.1x

01:50:45
UpTimeInstance 174:20:26:41 0
Event SessionTrap
ApIfSlotId 1
ApName AP215-R409
IpAddressType ipv4
IpAddress AC 1E 59 5D 
Username nikom.s
SSID PSU WiFi 802.1x
SessionID 5e81c74da8:86:dd:8e:94:18738118
ApMacAddress a0:3d:6f:dd:2d:70

01:52:39
UpTimeInstance 174:20:28:35 0
Event MovedToRunState
MacAddress 14:9d:9:40:9:c
ApName AP209-R302-1
ApMacAddress f4:4e:5:df:4e:f0
ApIfSlotId 0
IPAddress 10.67.255.161
Username 1520002044790813wlan.mnc000.mcc520.3gppnetwork.org
SSID TrueMove H

01:52:39
UpTimeInstance 174:20:28:35 0
Event SessionTrap
ApIfSlotId 0
ApName AP209-R302-1
IpAddressType ipv4
IpAddress 0A 43 FF A1 
Username 1520002044790813wlan.mnc000.mcc520.3gppnetwork.org
SSID TrueMove H
SessionID 5e88c22114:9d:09:40:09:0c743652
ApMacAddress f4:4e:5:df:4e:f0

01:59:38
UpTimeInstance 174:20:35:34 0
Event RogueAPRemoved
RogueAPMacAddress 3a:e8:29:61:1e:d3
RogueAPMacAddress 68:3b:78:e9:47:40
RogueAPSlotId 0
RogueAPRadioType dot11n24
RogueAPName AP219-R303

02:00:51
UpTimeInstance 174:20:36:47 0
Event RogueAPRemoved
RogueAPMacAddress 4a:e8:29:62:1e:d3
RogueAPMacAddress 68:3b:78:e1:8e:c0
RogueAPSlotId 1
RogueAPRadioType dot11ac
RogueAPName AP218-FL01-E

02:01:36
UpTimeInstance 174:20:37:32 0
Event RogueAPRemoved
RogueAPMacAddress 0:2:6f:d3:ed:a0
RogueAPMacAddress 68:3b:78:e1:8e:c0
RogueAPSlotId 0
RogueAPRadioType dot11n24
RogueAPName AP218-FL01-E

02:02:04
UpTimeInstance 174:20:38:00 0
Event ApRogueDetected
ApSysMacAddress 68:3b:78:e1:8e:c0
ApName AP218-FL01-E
ApRogueApMacAddress 3a:e8:29:62:1e:d3
ApEthernetIfSlotId 1
ApIfType dot11ac
ApRogueDetectedChannel 149
ApRSSI -87
ApSNR 3
ApRogueAPOnWiredNetwork 0
ApAdhocRogue 0
ApRogueApSsid 
ApRogueClassType unclassified
ApRogueMode alert
ApRogueIsClassifiedRule false
ApSeverityScore 0
ApRuleName 
ApRogueClassifiedApMacAddress 0:0:0:0:0:0
ApRogueClassifiedRSSI 0

02:03:14
UpTimeInstance 174:20:39:10 0
Event ApRogueDetected
ApSysMacAddress 70:10:5c:b1:9e:d0
ApName AP110-R311
ApRogueApMacAddress 0:b:e:a0:8e:0
ApEthernetIfSlotId 0
ApIfType dot11bg
ApRogueDetectedChannel 11
ApRSSI -80
ApSNR 0
ApRogueAPOnWiredNetwork 0
ApAdhocRogue 0
ApRogueApSsid PSU WiFi 802.1x
ApRogueClassType unclassified
ApRogueMode alert
ApRogueIsClassifiedRule false
ApSeverityScore 0
ApRuleName 
ApRogueClassifiedApMacAddress 0:0:0:0:0:0
ApRogueClassifiedRSSI 0

02:03:14
UpTimeInstance 174:20:39:10 0
Event ApRogueDetected
ApSysMacAddress f4:4e:5:b5:65:90
ApName AP205-R207
ApRogueApMacAddress 0:b:e:a0:8e:0
ApEthernetIfSlotId 0
ApIfType dot11bg
ApRogueDetectedChannel 11
ApRSSI -82
ApSNR 7
ApRogueAPOnWiredNetwork 0
ApAdhocRogue 0
ApRogueApSsid PSU WiFi 802.1x
ApRogueClassType unclassified
ApRogueMode alert
ApRogueIsClassifiedRule false
ApSeverityScore 0
ApRuleName 
ApRogueClassifiedApMacAddress 0:0:0:0:0:0
ApRogueClassifiedRSSI 0

02:05:36
UpTimeInstance 174:20:41:32 0
Event ApRogueDetected
ApSysMacAddress 68:3b:78:e1:8e:c0
ApName AP218-FL01-E
ApRogueApMacAddress 88:dc:96:2:39:f2
ApEthernetIfSlotId 0
ApIfType dot11n24
ApRogueDetectedChannel 6
ApRSSI -86
ApSNR 7
ApRogueAPOnWiredNetwork 0
ApAdhocRogue 0
ApRogueApSsid PSU Dorm11
ApRogueClassType unclassified
ApRogueMode alert
ApRogueIsClassifiedRule false
ApSeverityScore 0
ApRuleName 
ApRogueClassifiedApMacAddress 0:0:0:0:0:0
ApRogueClassifiedRSSI 0

02:06:10
UpTimeInstance 174:20:42:06 0
Event RogueAPRemoved
RogueAPMacAddress 2:15:99:ab:2f:ae
RogueAPMacAddress a0:e0:af:3d:c7:80
RogueAPSlotId 0
RogueAPRadioType dot11b
RogueAPName AP214-R205

02:06:10
UpTimeInstance 174:20:42:06 0
Event RogueAPRemoved
RogueAPMacAddress 2:15:99:ab:2f:ae
RogueAPMacAddress a0:e0:af:95:9c:40
RogueAPSlotId 0
RogueAPRadioType dot11b
RogueAPName AP111-R405

02:06:19
UpTimeInstance 174:20:42:15 0
Event ApRogueDetected
ApSysMacAddress a0:3d:6f:31:b7:f0
ApName AP109-R404
ApRogueApMacAddress 0:2:6f:d3:ed:a0
ApEthernetIfSlotId 0
ApIfType dot11n24
ApRogueDetectedChannel 6
ApRSSI -89
ApSNR 2
ApRogueAPOnWiredNetwork 0
ApAdhocRogue 0
ApRogueApSsid PSU Dorm10
ApRogueClassType unclassified
ApRogueMode alert
ApRogueIsClassifiedRule false
ApSeverityScore 0
ApRuleName 
ApRogueClassifiedApMacAddress 0:0:0:0:0:0
ApRogueClassifiedRSSI 0

02:06:53
UpTimeInstance 174:20:42:49 0
Event Deauthenticate
APMacAddr f4:4e:5:a8:f3:70
APIfSlotId 1
ReasonCode 23
UserIpAddress 
UserName 
MacAddress 9c:b6:d0:1d:32:f5
APName AP201-R411 

02:14:06
UpTimeInstance 174:20:50:01 0
Event RogueAPRemoved
RogueAPMacAddress 0:2:6f:e3:7a:ec
RogueAPMacAddress a0:3d:6f:31:b7:d0
RogueAPSlotId 0
RogueAPRadioType dot11n24
RogueAPName AP212-IDL

02:14:06
UpTimeInstance 174:20:50:01 0
Event RogueAPRemoved
RogueAPMacAddress 0:2:6f:e3:7a:ec
RogueAPMacAddress a0:e0:af:22:6e:70
RogueAPSlotId 0
RogueAPRadioType dot11n24
RogueAPName AP112-R400

02:14:49
UpTimeInstance 174:20:50:45 0
Event Disassociate
APMacAddr a0:e0:af:22:6e:70
APIfSlotId 0
ReasonCode unspecified
UserIpAddress 172.30.81.47
UserName 
MacAddress 4:cf:8c:a6:9c:c
APName AP112-R400 

02:14:49
UpTimeInstance 174:20:50:45 0
Event Deauthenticate
APMacAddr a0:e0:af:22:6e:70
APIfSlotId 0
ReasonCode previousAuthNotValid
UserIpAddress 172.30.81.47
UserName 
MacAddress 4:cf:8c:a6:9c:c
APName AP112-R400 

02:14:52
UpTimeInstance 174:20:50:47 0
Event Associate
APMacAddr a0:e0:af:22:6e:70
APIfSlotId 0
UserIpAddress 172.30.81.47
UserName 
MacAddress 4:cf:8c:a6:9c:c
APName AP112-R400 

02:14:52
UpTimeInstance 174:20:50:47 0
Event MovedToRunState
MacAddress 4:cf:8c:a6:9c:c
ApName AP112-R400
ApMacAddress a0:e0:af:22:6e:70
ApIfSlotId 0
IPAddress 172.30.81.47
Username 
SSID CoEIoT

02:14:52
UpTimeInstance 174:20:50:47 0
Event SessionTrap
ApIfSlotId 0
ApName AP112-R400
IpAddressType ipv4
IpAddress AC 1E 51 2F 
Username 
SSID CoEIoT
SessionID 5e88dcab04:cf:8c:a6:9c:0c743676
ApMacAddress a0:e0:af:22:6e:70

02:15:54
UpTimeInstance 174:20:51:50 0
Event AuthenticationFailure
AuthFailureUserType wlanUser
AuthFailureUserName 0887913628 

02:16:00
UpTimeInstance 174:20:51:55 0
Event MovedToRunState
MacAddress 60:f8:1d:bf:1c:f0
ApName AP219-R303
ApMacAddress 68:3b:78:e9:47:40
ApIfSlotId 1
IPAddress 10.67.248.221
Username 0887913628
SSID TrueMove H

02:16:00
UpTimeInstance 174:20:51:55 0
Event SessionTrap
ApIfSlotId 1
ApName AP219-R303
IpAddressType ipv4
IpAddress 0A 43 F8 DD 
Username 0887913628
SSID TrueMove H
SessionID 5e87d86d60:f8:1d:bf:1c:f0743205
ApMacAddress 68:3b:78:e9:47:40

02:16:07
UpTimeInstance 174:20:52:02 0
Event RogueAPRemoved
RogueAPMacAddress b8:ec:a3:be:bf:38
RogueAPMacAddress a0:3d:6f:31:b7:d0
RogueAPSlotId 0
RogueAPRadioType dot11n24
RogueAPName AP212-IDL

02:16:21
UpTimeInstance 174:20:52:17 0
Event Associate
APMacAddr f4:4e:5:df:4e:f0
APIfSlotId 1
UserIpAddress 
UserName 5810110224
MacAddress 0:24:36:b3:a9:67
APName AP209-R302-1 

02:16:25
UpTimeInstance 174:20:52:20 0
Event MovedToRunState
MacAddress 0:24:36:b3:a9:67
ApName AP209-R302-1
ApMacAddress f4:4e:5:df:4e:f0
ApIfSlotId 1
IPAddress 172.30.80.36
Username 5810110224
SSID CoEWiFi

02:16:25
UpTimeInstance 174:20:52:20 0
Event SessionTrap
ApIfSlotId 1
ApName AP209-R302-1
IpAddressType ipv4
IpAddress AC 1E 50 24 
Username 5810110224
SSID CoEWiFi
SessionID 5e88dd0500:24:36:b3:a9:67743677
ApMacAddress f4:4e:5:df:4e:f0

02:20:06
UpTimeInstance 174:20:56:01 0
Event Disassociate
APMacAddr 70:10:5c:b1:9e:d0
APIfSlotId 0
ReasonCode unspecified
UserIpAddress 172.30.81.13
UserName 
MacAddress 68:54:fd:f0:df:c6
APName AP110-R311 

02:20:06
UpTimeInstance 174:20:56:01 0
Event Deauthenticate
APMacAddr 70:10:5c:b1:9e:d0
APIfSlotId 0
ReasonCode previousAuthNotValid
UserIpAddress 172.30.81.13
UserName 
MacAddress 68:54:fd:f0:df:c6
APName AP110-R311 

02:20:11
UpTimeInstance 174:20:56:07 0
Event Associate
APMacAddr 70:10:5c:b1:9e:d0
APIfSlotId 0
UserIpAddress 172.30.81.13
UserName 
MacAddress 68:54:fd:f0:df:c6
APName AP110-R311 

02:20:11
UpTimeInstance 174:20:56:07 0
Event MovedToRunState
MacAddress 68:54:fd:f0:df:c6
ApName AP110-R311
ApMacAddress 70:10:5c:b1:9e:d0
ApIfSlotId 0
IPAddress 172.30.81.13
Username 
SSID CoEIoT

02:20:11
UpTimeInstance 174:20:56:07 0
Event SessionTrap
ApIfSlotId 0
ApName AP110-R311
IpAddressType ipv4
IpAddress AC 1E 51 0D 
Username 
SSID CoEIoT
SessionID 5e88ddeb68:54:fd:f0:df:c6743678
ApMacAddress 70:10:5c:b1:9e:d0

02:20:24
UpTimeInstance 174:20:56:20 0
Event MovedToRunState
MacAddress a8:86:dd:8e:94:18
ApName AP215-R409
ApMacAddress a0:3d:6f:dd:2d:70
ApIfSlotId 1
IPAddress 172.30.89.93
Username nikom.s
SSID PSU WiFi 802.1x

02:20:24
UpTimeInstance 174:20:56:20 0
Event SessionTrap
ApIfSlotId 1
ApName AP215-R409
IpAddressType ipv4
IpAddress AC 1E 59 5D 
Username nikom.s
SSID PSU WiFi 802.1x
SessionID 5e81c74da8:86:dd:8e:94:18738118
ApMacAddress a0:3d:6f:dd:2d:70

02:22:15
UpTimeInstance 174:20:58:11 0
Event Disassociate
APMacAddr f4:4e:5:df:4e:f0
APIfSlotId 1
ReasonCode disassociationDueToInactivity
UserIpAddress 172.30.80.36
UserName 5810110224
MacAddress 0:24:36:b3:a9:67
APName AP209-R302-1 

02:22:15
UpTimeInstance 174:20:58:11 0
Event Deauthenticate
APMacAddr f4:4e:5:df:4e:f0
APIfSlotId 1
ReasonCode disassociationDueToInactivity
UserIpAddress 172.30.80.36
UserName 5810110224
MacAddress 0:24:36:b3:a9:67
APName AP209-R302-1 

02:23:01
UpTimeInstance 174:20:58:57 0
Event ApRogueDetected
ApSysMacAddress 68:3b:78:e1:8e:c0
ApName AP218-FL01-E
ApRogueApMacAddress 4a:e8:29:62:1e:d3
ApEthernetIfSlotId 1
ApIfType dot11ac
ApRogueDetectedChannel 149
ApRSSI -89
ApSNR 2
ApRogueAPOnWiredNetwork 0
ApAdhocRogue 0
ApRogueApSsid 
ApRogueClassType unclassified
ApRogueMode alert
ApRogueIsClassifiedRule false
ApSeverityScore 0
ApRuleName 
ApRogueClassifiedApMacAddress 0:0:0:0:0:0
ApRogueClassifiedRSSI 0

02:23:05
UpTimeInstance 174:20:59:01 0
Event MovedToRunState
MacAddress 14:9d:9:40:9:c
ApName AP209-R302-1
ApMacAddress f4:4e:5:df:4e:f0
ApIfSlotId 0
IPAddress 10.67.255.161
Username 1520002044790813wlan.mnc000.mcc520.3gppnetwork.org
SSID TrueMove H

02:23:06
UpTimeInstance 174:20:59:01 0
Event SessionTrap
ApIfSlotId 0
ApName AP209-R302-1
IpAddressType ipv4
IpAddress 0A 43 FF A1 
Username 1520002044790813wlan.mnc000.mcc520.3gppnetwork.org
SSID TrueMove H
SessionID 5e88c22114:9d:09:40:09:0c743652
ApMacAddress f4:4e:5:df:4e:f0

02:23:37
UpTimeInstance 174:20:59:32 0
Event Disassociate
APMacAddr a0:e0:af:22:6e:70
APIfSlotId 0
ReasonCode unspecified
UserIpAddress 172.30.81.12
UserName 
MacAddress 40:b4:cd:39:fa:4
APName AP112-R400 

02:23:37
UpTimeInstance 174:20:59:32 0
Event Deauthenticate
APMacAddr a0:e0:af:22:6e:70
APIfSlotId 0
ReasonCode previousAuthNotValid
UserIpAddress 172.30.81.12
UserName 
MacAddress 40:b4:cd:39:fa:4
APName AP112-R400 

02:23:38
UpTimeInstance 174:20:59:34 0
Event Associate
APMacAddr a0:e0:af:22:6e:70
APIfSlotId 0
UserIpAddress 172.30.81.12
UserName 
MacAddress 40:b4:cd:39:fa:4
APName AP112-R400 

02:23:38
UpTimeInstance 174:20:59:34 0
Event MovedToRunState
MacAddress 40:b4:cd:39:fa:4
ApName AP112-R400
ApMacAddress a0:e0:af:22:6e:70
ApIfSlotId 0
IPAddress 172.30.81.12
Username 
SSID CoEIoT

02:23:38
UpTimeInstance 174:20:59:34 0
Event SessionTrap
ApIfSlotId 0
ApName AP112-R400
IpAddressType ipv4
IpAddress AC 1E 51 0C 
Username 
SSID CoEIoT
SessionID 5e88deba40:b4:cd:39:fa:04743679
ApMacAddress a0:e0:af:22:6e:70

02:24:38
UpTimeInstance 174:21:00:34 0
Event RogueAPRemoved
RogueAPMacAddress 4a:e8:29:61:1f:d4
RogueAPMacAddress 68:3b:78:e9:47:40
RogueAPSlotId 0
RogueAPRadioType dot11n24
RogueAPName AP219-R303

02:24:38
UpTimeInstance 174:21:00:34 0
Event RogueAPRemoved
RogueAPMacAddress 4a:e8:29:61:1f:d4
RogueAPMacAddress 68:3b:78:e1:93:0
RogueAPSlotId 0
RogueAPRadioType dot11n24
RogueAPName AP220-R301B

02:26:54
UpTimeInstance 174:21:02:49 0
Event Deauthenticate
APMacAddr f4:4e:5:a8:f3:70
APIfSlotId 1
ReasonCode 23
UserIpAddress 
UserName 
MacAddress 9c:b6:d0:1d:32:f5
APName AP201-R411 

02:29:38
UpTimeInstance 174:21:05:34 0
Event RogueAPRemoved
RogueAPMacAddress 18:e8:29:61:1e:d3
RogueAPMacAddress 68:3b:78:e9:47:40
RogueAPSlotId 0
RogueAPRadioType dot11n24
RogueAPName AP219-R303

02:29:42
UpTimeInstance 174:21:05:38 0
Event Disassociate
APMacAddr a0:e0:af:22:6e:70
APIfSlotId 0
ReasonCode unspecified
UserIpAddress 172.30.81.34
UserName 
MacAddress 4:cf:8c:cd:2d:df
APName AP112-R400 

02:29:42
UpTimeInstance 174:21:05:38 0
Event Deauthenticate
APMacAddr a0:e0:af:22:6e:70
APIfSlotId 0
ReasonCode previousAuthNotValid
UserIpAddress 172.30.81.34
UserName 
MacAddress 4:cf:8c:cd:2d:df
APName AP112-R400 

02:29:44
UpTimeInstance 174:21:05:40 0
Event Associate
APMacAddr a0:3d:6f:31:b7:f0
APIfSlotId 0
UserIpAddress 172.30.81.34
UserName 
MacAddress 4:cf:8c:cd:2d:df
APName AP109-R404 

02:29:44
UpTimeInstance 174:21:05:40 0
Event MovedToRunState
MacAddress 4:cf:8c:cd:2d:df
ApName AP109-R404
ApMacAddress a0:3d:6f:31:b7:f0
ApIfSlotId 0
IPAddress 172.30.81.34
Username 
SSID CoEIoT

02:29:44
UpTimeInstance 174:21:05:40 0
Event SessionTrap
ApIfSlotId 0
ApName AP109-R404
IpAddressType ipv4
IpAddress AC 1E 51 22 
Username 
SSID CoEIoT
SessionID 5e88e02804:cf:8c:cd:2d:df743682
ApMacAddress a0:3d:6f:31:b7:f0

02:31:44
UpTimeInstance 174:21:07:40 0
Event MovedToRunState
MacAddress 74:da:38:de:c5:f0
ApName AP201-R411
ApMacAddress f4:4e:5:a8:f3:70
ApIfSlotId 1
IPAddress 172.30.80.136
Username wacharin.k
SSID CoEWiFi

02:31:44
UpTimeInstance 174:21:07:40 0
Event SessionTrap
ApIfSlotId 1
ApName AP201-R411
IpAddressType ipv4
IpAddress AC 1E 50 88 
Username wacharin.k
SSID CoEWiFi
SessionID 5e86befc74:da:38:de:c5:f0742353
ApMacAddress f4:4e:5:a8:f3:70

02:31:56
UpTimeInstance 174:21:07:52 0
Event RogueAPRemoved
RogueAPMacAddress 18:e8:29:61:1f:d4
RogueAPMacAddress 68:3b:78:e1:93:0
RogueAPSlotId 0
RogueAPRadioType dot11b
RogueAPName AP220-R301B

02:32:39
UpTimeInstance 174:21:08:34 0
Event ApRogueDetected
ApSysMacAddress dc:8c:37:4c:2e:e0
ApName AP216-R101
ApRogueApMacAddress c:80:63:59:73:46
ApEthernetIfSlotId 1
ApIfType dot11a
ApRogueDetectedChannel 157
ApRSSI -88
ApSNR 5
ApRogueAPOnWiredNetwork 0
ApAdhocRogue 0
ApRogueApSsid 
ApRogueClassType unclassified
ApRogueMode alert
ApRogueIsClassifiedRule false
ApSeverityScore 0
ApRuleName 
ApRogueClassifiedApMacAddress 0:0:0:0:0:0
ApRogueClassifiedRSSI 0

02:34:11
UpTimeInstance 174:21:10:07 0
Event RogueAPRemoved
RogueAPMacAddress 0:2:6f:d3:ed:a0
RogueAPMacAddress 68:3b:78:e1:8e:c0
RogueAPSlotId 0
RogueAPRadioType dot11n24
RogueAPName AP218-FL01-E

02:37:45
UpTimeInstance 174:21:13:41 0
Event ApRogueDetected
ApSysMacAddress 68:3b:78:e9:47:40
ApName AP219-R303
ApRogueApMacAddress 4a:e8:29:61:1f:d4
ApEthernetIfSlotId 0
ApIfType dot11n24
ApRogueDetectedChannel 11
ApRSSI -74
ApSNR 4
ApRogueAPOnWiredNetwork 0
ApAdhocRogue 0
ApRogueApSsid 
ApRogueClassType unclassified
ApRogueMode alert
ApRogueIsClassifiedRule false
ApSeverityScore 0
ApRuleName 
ApRogueClassifiedApMacAddress 0:0:0:0:0:0
ApRogueClassifiedRSSI 0
