UpTimeInstance 31:22:24:43 0
Event SessionTrap
ApIfSlotId 0
ApName AP111-R405
IpAddressType ipv4
IpAddress AC 1E 51 83 
Username 
SSID CoEIoT
SessionID 5eb9573770:2a:d5:f0:a3:e233545
ApMacAddress a0:e0:af:95:9c:40


UpTimeInstance 31:22:25:57 0
Event MovedToRunState
MacAddress 14:9d:9:40:9:c
ApName AP212-IDL
ApMacAddress a0:3d:6f:31:b7:d0
ApIfSlotId 0
IPAddress 10.67.232.88
Username 1520002044790813wlan.mnc000.mcc520.3gppnetwork.org
SSID TrueMove H


UpTimeInstance 31:22:25:57 0
Event SessionTrap
ApIfSlotId 0
ApName AP212-IDL
IpAddressType ipv4
IpAddress 0A 43 E8 58 
Username 1520002044790813wlan.mnc000.mcc520.3gppnetwork.org
SSID TrueMove H
SessionID 5eb95c6814:9d:09:40:09:0c33552
ApMacAddress a0:3d:6f:31:b7:d0


UpTimeInstance 31:22:26:02 0
Event MovedToRunState
MacAddress 14:9d:9:40:9:c
ApName AP109-R404
ApMacAddress a0:3d:6f:31:b7:f0
ApIfSlotId 1
IPAddress 10.67.232.88
Username 1520002044790813wlan.mnc000.mcc520.3gppnetwork.org
SSID TrueMove H


UpTimeInstance 31:22:26:02 0
Event SessionTrap
ApIfSlotId 1
ApName AP109-R404
IpAddressType ipv4
IpAddress 0A 43 E8 58 
Username 1520002044790813wlan.mnc000.mcc520.3gppnetwork.org
SSID TrueMove H
SessionID 5eb95c6814:9d:09:40:09:0c33552
ApMacAddress a0:3d:6f:31:b7:f0


UpTimeInstance 31:22:26:06 0
Event APNoiseProfileFailed
APMacAddress 70:10:5c:b1:9e:d0
APIfSlotId 0
APName AP110-R311 


UpTimeInstance 31:22:27:08 0
Event MovedToRunState
MacAddress 14:9d:9:40:9:c
ApName AP212-IDL
ApMacAddress a0:3d:6f:31:b7:d0
ApIfSlotId 0
IPAddress 10.67.232.88
Username 1520002044790813wlan.mnc000.mcc520.3gppnetwork.org
SSID TrueMove H


UpTimeInstance 31:22:27:08 0
Event SessionTrap
ApIfSlotId 0
ApName AP212-IDL
IpAddressType ipv4
IpAddress 0A 43 E8 58 
Username 1520002044790813wlan.mnc000.mcc520.3gppnetwork.org
SSID TrueMove H
SessionID 5eb95c6814:9d:09:40:09:0c33552
ApMacAddress a0:3d:6f:31:b7:d0


UpTimeInstance 31:22:27:18 0
Event MovedToRunState
MacAddress 14:9d:9:40:9:c
ApName AP109-R404
ApMacAddress a0:3d:6f:31:b7:f0
ApIfSlotId 0
IPAddress 10.67.232.88
Username 1520002044790813wlan.mnc000.mcc520.3gppnetwork.org
SSID TrueMove H


UpTimeInstance 31:22:27:18 0
Event SessionTrap
ApIfSlotId 0
ApName AP109-R404
IpAddressType ipv4
IpAddress 0A 43 E8 58 
Username 1520002044790813wlan.mnc000.mcc520.3gppnetwork.org
SSID TrueMove H
SessionID 5eb95c6814:9d:09:40:09:0c33552
ApMacAddress a0:3d:6f:31:b7:f0


UpTimeInstance 31:22:27:35 0
Event ApRogueDetected
ApSysMacAddress 68:3b:78:e1:8e:c0
ApName AP218-FL01-E
ApRogueApMacAddress d4:a1:48:5c:17:98
ApEthernetIfSlotId 0
ApIfType dot11n24
ApRogueDetectedChannel 6
ApRSSI -89
ApSNR 1
ApRogueAPOnWiredNetwork 0
ApAdhocRogue 0
ApRogueApSsid Sungkhapongs
ApRogueClassType unclassified
ApRogueMode alert
ApRogueIsClassifiedRule false
ApSeverityScore 0
ApRuleName 
ApRogueClassifiedApMacAddress 0:0:0:0:0:0
ApRogueClassifiedRSSI 0


UpTimeInstance 31:22:28:36 0
Event ApRogueDetected
ApSysMacAddress 68:3b:78:e1:8e:c0
ApName AP218-FL01-E
ApRogueApMacAddress ec:3d:fd:6b:5c:a9
ApEthernetIfSlotId 1
ApIfType dot11n5
ApRogueDetectedChannel 44
ApRSSI -88
ApSNR 5
ApRogueAPOnWiredNetwork 0
ApAdhocRogue 0
ApRogueApSsid CONCEPT 5CA9
ApRogueClassType unclassified
ApRogueMode alert
ApRogueIsClassifiedRule false
ApSeverityScore 0
ApRuleName 
ApRogueClassifiedApMacAddress 0:0:0:0:0:0
ApRogueClassifiedRSSI 0


UpTimeInstance 31:22:28:48 0
Event MovedToRunState
MacAddress 74:da:38:de:c5:f0
ApName AP201-R411
ApMacAddress f4:4e:5:a8:f3:70
ApIfSlotId 1
IPAddress 172.30.80.94
Username wacharin.k
SSID CoEWiFi


UpTimeInstance 31:22:28:48 0
Event SessionTrap
ApIfSlotId 1
ApName AP201-R411
IpAddressType ipv4
IpAddress AC 1E 50 5E 
Username wacharin.k
SSID CoEWiFi
SessionID 5eb3ea3374:da:38:de:c5:f029905
ApMacAddress f4:4e:5:a8:f3:70


UpTimeInstance 31:22:28:49 0
Event RogueAPRemoved
RogueAPMacAddress 18:e8:29:62:1e:d3
RogueAPMacAddress 68:3b:78:e1:93:0
RogueAPSlotId 1
RogueAPRadioType dot11a
RogueAPName AP220-R301B


UpTimeInstance 31:22:28:49 0
Event RogueAPRemoved
RogueAPMacAddress 18:e8:29:62:1e:d3
RogueAPMacAddress 68:3b:78:e1:8e:c0
RogueAPSlotId 1
RogueAPRadioType dot11ac
RogueAPName AP218-FL01-E


UpTimeInstance 31:22:29:04 0
Event APNoiseProfileUpdatedToPass
APMacAddress 70:10:5c:b1:9e:d0
APIfSlotId 0
APName AP110-R311 


UpTimeInstance 31:22:29:42 0
Event AuthenticationFailure
AuthFailureUserType wlanUser
AuthFailureUserName 1520002044790813wlan.mnc000.mcc520.3gppnetwork.org 


UpTimeInstance 31:22:29:49 0
Event MovedToRunState
MacAddress 14:9d:9:40:9:c
ApName AP209-R302-1
ApMacAddress f4:4e:5:df:4e:f0
ApIfSlotId 0
IPAddress 10.67.232.88
Username 1520002044790813wlan.mnc000.mcc520.3gppnetwork.org
SSID TrueMove H


UpTimeInstance 31:22:29:49 0
Event SessionTrap
ApIfSlotId 0
ApName AP209-R302-1
IpAddressType ipv4
IpAddress 0A 43 E8 58 
Username 1520002044790813wlan.mnc000.mcc520.3gppnetwork.org
SSID TrueMove H
SessionID 5eb95c6814:9d:09:40:09:0c33552
ApMacAddress f4:4e:5:df:4e:f0


UpTimeInstance 31:22:30:15 0
Event Associate
APMacAddr 68:3b:78:e1:94:20
APIfSlotId 1
UserIpAddress 
UserName thaniya.k
MacAddress 7c:a1:ae:3c:e2:70
APName AP217-FL01-W 


UpTimeInstance 31:22:30:15 0
Event Associate
APMacAddr 68:3b:78:e1:94:20
APIfSlotId 1
UserIpAddress 172.31.197.15
UserName thaniya.k
MacAddress 7c:a1:ae:3c:e2:70
APName AP217-FL01-W 


UpTimeInstance 31:22:30:15 0
Event MovedToRunState
MacAddress 7c:a1:ae:3c:e2:70
ApName AP217-FL01-W
ApMacAddress 68:3b:78:e1:94:20
ApIfSlotId 1
IPAddress 172.31.197.15
Username thaniya.k
SSID PSU WiFi 802.1x


UpTimeInstance 31:22:30:15 0
Event SessionTrap
ApIfSlotId 1
ApName AP217-FL01-W
IpAddressType ipv4
IpAddress AC 1F C5 0F 
Username .p thaniya.k
SSID .p PSU WiFi 802.1x
SessionID .p 5eb961d27c:a1:ae:3c:e2:7033555
ApMacAddress .p 68:3b:78:e1:94:20


UpTimeInstance 31:22:32:11 0
Event MovedToRunState
MacAddress 14:9d:9:40:9:c
ApName AP112-R400
ApMacAddress a0:e0:af:22:6e:70
ApIfSlotId 1
IPAddress 10.67.232.88
Username 1520002044790813wlan.mnc000.mcc520.3gppnetwork.org
SSID TrueMove H


UpTimeInstance 31:22:32:11 0
Event SessionTrap
ApIfSlotId 1
ApName AP112-R400
IpAddressType ipv4
IpAddress 0A 43 E8 58 
Username 1520002044790813wlan.mnc000.mcc520.3gppnetwork.org
SSID TrueMove H
SessionID 5eb95c6814:9d:09:40:09:0c33552
ApMacAddress a0:e0:af:22:6e:70


UpTimeInstance 31:22:32:25 0
Event Device
ApSysMacAddress a0:3d:6f:31:b7:f0
ApIfSlotId 0
DeviceId 46492
DeviceType 31
AffectedChannels 32
Severity 2
ClusterId 56:be:20:1:84:7a
AlarmClear false
ApName AP109-R404
PreviousClusterId 56:be:20:1:84:7a


UpTimeInstance 31:22:33:15 0
Event AssociateFail
APMacAddr 68:3b:78:e1:8e:c0
APIfSlotId 0
ReasonCode 34
UserIpAddress 
UserName 
MacAddress 7c:a1:ae:38:0:22
APName AP218-FL01-E 


UpTimeInstance 31:22:33:21 0
Event Disassociate
APMacAddr f4:4e:5:b5:24:b0
APIfSlotId 0
ReasonCode unspecified
UserIpAddress 172.30.81.13
UserName 
MacAddress 68:54:fd:f0:df:c6
APName AP211-Shop 


UpTimeInstance 31:22:33:21 0
Event Deauthenticate
APMacAddr f4:4e:5:b5:24:b0
APIfSlotId 0
ReasonCode previousAuthNotValid
UserIpAddress 172.30.81.13
UserName 
MacAddress 68:54:fd:f0:df:c6
APName AP211-Shop 


UpTimeInstance 31:22:33:22 0
Event Associate
APMacAddr f4:4e:5:b5:24:b0
APIfSlotId 0
UserIpAddress 172.30.81.13
UserName 
MacAddress 68:54:fd:f0:df:c6
APName AP211-Shop 


UpTimeInstance 31:22:33:22 0
Event MovedToRunState
MacAddress 68:54:fd:f0:df:c6
ApName AP211-Shop
ApMacAddress f4:4e:5:b5:24:b0
ApIfSlotId 0
IPAddress 172.30.81.13
Username 
SSID CoEIoT


UpTimeInstance 31:22:33:22 0
Event SessionTrap
ApIfSlotId 0
ApName AP211-Shop
IpAddressType ipv4
IpAddress AC 1E 51 0D 
Username 
SSID CoEIoT
SessionID 5eb9628e68:54:fd:f0:df:c633557
ApMacAddress f4:4e:5:b5:24:b0


UpTimeInstance 31:22:34:17 0
Event Disassociate
APMacAddr a0:e0:af:22:6e:70
APIfSlotId 0
ReasonCode unspecified
UserIpAddress 172.30.81.34
UserName 
MacAddress 4:cf:8c:cd:2d:df
APName AP112-R400 


UpTimeInstance 31:22:34:17 0
Event Deauthenticate
APMacAddr a0:e0:af:22:6e:70
APIfSlotId 0
ReasonCode previousAuthNotValid
UserIpAddress 172.30.81.34
UserName 
MacAddress 4:cf:8c:cd:2d:df
APName AP112-R400 


UpTimeInstance 31:22:34:19 0
Event Associate
APMacAddr a0:3d:6f:31:b7:f0
APIfSlotId 0
UserIpAddress 172.30.81.34
UserName 
MacAddress 4:cf:8c:cd:2d:df
APName AP109-R404 


UpTimeInstance 31:22:34:19 0
Event MovedToRunState
MacAddress 4:cf:8c:cd:2d:df
ApName AP109-R404
ApMacAddress a0:3d:6f:31:b7:f0
ApIfSlotId 0
IPAddress 172.30.81.34
Username 
SSID CoEIoT


UpTimeInstance 31:22:34:19 0
Event SessionTrap
ApIfSlotId 0
ApName AP109-R404
IpAddressType ipv4
IpAddress AC 1E 51 22 
Username 
SSID CoEIoT
SessionID 5eb962c704:cf:8c:cd:2d:df33558
ApMacAddress a0:3d:6f:31:b7:f0


UpTimeInstance 31:22:34:23 0
Event MovedToRunState
MacAddress d0:7f:a0:d3:51:95
ApName AP112-R400
ApMacAddress a0:e0:af:22:6e:70
ApIfSlotId 0
IPAddress 172.30.88.243
Username 5910110104
SSID PSU WiFi 802.1x


UpTimeInstance 31:22:34:23 0
Event SessionTrap
ApIfSlotId 0
ApName AP112-R400
IpAddressType ipv4
IpAddress AC 1E 58 F3 
Username 5910110104
SSID PSU WiFi 802.1x
SessionID 5eb8f966d0:7f:a0:d3:51:9533243
ApMacAddress a0:e0:af:22:6e:70


UpTimeInstance 31:22:34:23 0
Event Disassociate
APMacAddr a0:e0:af:22:6e:70
APIfSlotId 0
ReasonCode unspecified
UserIpAddress 172.30.81.47
UserName 
MacAddress 4:cf:8c:a6:9c:c
APName AP112-R400 


UpTimeInstance 31:22:34:23 0
Event Deauthenticate
APMacAddr a0:e0:af:22:6e:70
APIfSlotId 0
ReasonCode previousAuthNotValid
UserIpAddress 172.30.81.47
UserName 
MacAddress 4:cf:8c:a6:9c:c
APName AP112-R400 


UpTimeInstance 31:22:34:26 0
Event Associate
APMacAddr a0:e0:af:22:6e:70
APIfSlotId 0
UserIpAddress 172.30.81.47
UserName 
MacAddress 4:cf:8c:a6:9c:c
APName AP112-R400 


UpTimeInstance 31:22:34:26 0
Event MovedToRunState
MacAddress 4:cf:8c:a6:9c:c
ApName AP112-R400
ApMacAddress a0:e0:af:22:6e:70
ApIfSlotId 0
IPAddress 172.30.81.47
Username 
SSID CoEIoT


UpTimeInstance 31:22:34:26 0
Event SessionTrap
ApIfSlotId 0
ApName AP112-R400
IpAddressType ipv4
IpAddress AC 1E 51 2F 
Username 
SSID CoEIoT
SessionID 5eb962cd04:cf:8c:a6:9c:0c33559
ApMacAddress a0:e0:af:22:6e:70


UpTimeInstance 31:22:35:39 0
Event Disassociate
APMacAddr 68:3b:78:e1:94:20
APIfSlotId 1
ReasonCode disassociationDueToInactivity
UserIpAddress 172.31.197.15
UserName thaniya.k
MacAddress 7c:a1:ae:3c:e2:70
APName AP217-FL01-W 


UpTimeInstance 31:22:35:39 0
Event Deauthenticate
APMacAddr 68:3b:78:e1:94:20
APIfSlotId 1
ReasonCode disassociationDueToInactivity
UserIpAddress 172.31.197.15
UserName thaniya.k
MacAddress 7c:a1:ae:3c:e2:70
APName AP217-FL01-W 


UpTimeInstance 31:22:36:07 0
Event Device
ApSysMacAddress a0:e0:af:22:6e:70
ApIfSlotId 1
DeviceId 28803
DeviceType 30
AffectedChannels 48
Severity 2
ClusterId 56:be:20:1:84:84
AlarmClear false
ApName AP112-R400
PreviousClusterId 56:be:20:1:84:84


UpTimeInstance 31:22:36:30 0
Event RogueAPRemoved
RogueAPMacAddress 3a:e8:29:62:1e:d3
RogueAPMacAddress 68:3b:78:e1:8e:c0
RogueAPSlotId 1
RogueAPRadioType dot11ac
RogueAPName AP218-FL01-E


UpTimeInstance 31:22:37:05 0
Event RogueAPRemoved
RogueAPMacAddress 74:da:88:95:df:5b
RogueAPMacAddress a0:3d:6f:31:b7:d0
RogueAPSlotId 0
RogueAPRadioType dot11n24
RogueAPName AP212-IDL


UpTimeInstance 31:22:37:11 0
Event ApRogueDetected
ApSysMacAddress 68:3b:78:e1:8e:c0
ApName AP218-FL01-E
ApRogueApMacAddress 4a:e8:29:62:1e:d3
ApEthernetIfSlotId 1
ApIfType dot11ac
ApRogueDetectedChannel 149
ApRSSI -89
ApSNR 6
ApRogueAPOnWiredNetwork 0
ApAdhocRogue 0
ApRogueApSsid 
ApRogueClassType unclassified
ApRogueMode alert
ApRogueIsClassifiedRule false
ApSeverityScore 0
ApRuleName 
ApRogueClassifiedApMacAddress 0:0:0:0:0:0
ApRogueClassifiedRSSI 0


UpTimeInstance 31:22:37:22 0
Event Device
ApSysMacAddress a0:e0:af:22:6e:70
ApIfSlotId 1
DeviceId 28803
DeviceType 30
AffectedChannels 48
Severity 2
ClusterId 56:be:20:1:84:84
AlarmClear true
ApName AP112-R400
PreviousClusterId 56:be:20:1:84:84


UpTimeInstance 31:22:38:11 0
Event RogueAPRemoved
RogueAPMacAddress 3a:e8:29:61:1f:d4
RogueAPMacAddress 68:3b:78:e9:47:40
RogueAPSlotId 0
RogueAPRadioType dot11n24
RogueAPName AP219-R303


UpTimeInstance 31:22:38:22 0
Event MovedToRunState
MacAddress 14:9d:9:40:9:c
ApName AP209-R302-1
ApMacAddress f4:4e:5:df:4e:f0
ApIfSlotId 0
IPAddress 10.67.232.88
Username 1520002044790813wlan.mnc000.mcc520.3gppnetwork.org
SSID TrueMove H


UpTimeInstance 31:22:38:22 0
Event SessionTrap
ApIfSlotId 0
ApName AP209-R302-1
IpAddressType ipv4
IpAddress 0A 43 E8 58 
Username 1520002044790813wlan.mnc000.mcc520.3gppnetwork.org
SSID TrueMove H
SessionID 5eb95c6814:9d:09:40:09:0c33552
ApMacAddress f4:4e:5:df:4e:f0


UpTimeInstance 31:22:40:28 0
Event Device
ApSysMacAddress a0:3d:6f:31:b7:f0
ApIfSlotId 0
DeviceId 46492
DeviceType 31
AffectedChannels 32
Severity 2
ClusterId 56:be:20:1:84:7a
AlarmClear true
ApName AP109-R404
PreviousClusterId 56:be:20:1:84:7a


UpTimeInstance 31:22:40:48 0
Event MovedToRunState
MacAddress a8:9c:ed:97:a6:66
ApName AP208-R211
ApMacAddress f4:4e:5:df:6c:f0
ApIfSlotId 1
IPAddress 172.30.80.190
Username thanathip.l
SSID CoEWiFi


UpTimeInstance 31:22:40:48 0
Event SessionTrap
ApIfSlotId 1
ApName AP208-R211
IpAddressType ipv4
IpAddress AC 1E 50 BE 
Username thanathip.l
SSID CoEWiFi
SessionID 5eb939f6a8:9c:ed:97:a6:6633478
ApMacAddress f4:4e:5:df:6c:f0


UpTimeInstance 31:22:41:20 0
Event MovedToRunState
MacAddress 60:f8:1d:bf:1c:f0
ApName AP219-R303
ApMacAddress 68:3b:78:e9:47:40
ApIfSlotId 1
IPAddress 172.30.89.123
Username touchchai.a
SSID PSU WiFi 802.1x


UpTimeInstance 31:22:41:20 0
Event SessionTrap
ApIfSlotId 1
ApName AP219-R303
IpAddressType ipv4
IpAddress AC 1E 59 7 
Username touchchai.a
SSID PSU WiFi 802.1x
SessionID 5eb4bf9860:f8:1d:bf:1c:f030391
ApMacAddress 68:3b:78:e9:47:40


UpTimeInstance 31:22:44:11 0
Event RogueAPRemoved
RogueAPMacAddress 4a:e8:29:61:1f:d4
RogueAPMacAddress 68:3b:78:e9:47:40
RogueAPSlotId 0
RogueAPRadioType dot11n24
RogueAPName AP219-R303